[2018-05-17 04:17:39] php_system.INFO: E_NOTICE: array (   'type' => 8,   'message' => 'Undefined index: HTTPS',   'file' => '/srv/disk2/2716219/www/cmsrunners.atwebpages.com/wp-content/plugins/secure-wordpress/res/inc/SwpaLiveTraffic.php',   'line' => 128, ) [] []
[2018-05-17 14:59:49] php_system.INFO: E_NOTICE: array (   'type' => 8,   'message' => 'Undefined index: HTTPS',   'file' => '/srv/disk2/2716219/www/cmsrunners.atwebpages.com/wp-content/plugins/secure-wordpress/res/inc/SwpaLiveTraffic.php',   'line' => 128, ) [] []
[2018-05-17 15:11:24] php_system.INFO: E_NOTICE: array (   'type' => 8,   'message' => 'Undefined index: HTTPS',   'file' => '/srv/disk2/2716219/www/cmsrunners.atwebpages.com/wp-content/plugins/secure-wordpress/res/inc/SwpaLiveTraffic.php',   'line' => 128, ) [] []
[2018-05-17 15:12:17] php_system.INFO: E_DEPRECATED: array (   'type' => 8192,   'message' => 'Non-static method WP_Feed_Cache::create() should not be called statically',   'file' => '/srv/disk2/2716219/www/cmsrunners.atwebpages.com/wp-includes/SimplePie/Registry.php',   'line' => 215, ) [] []
[2018-05-17 15:22:05] php_system.INFO: E_NOTICE: array (   'type' => 8,   'message' => 'Undefined index: HTTPS',   'file' => '/srv/disk2/2716219/www/cmsrunners.atwebpages.com/wp-content/plugins/secure-wordpress/res/inc/SwpaLiveTraffic.php',   'line' => 128, ) [] []
[2018-05-17 15:26:16] php_system.INFO: E_NOTICE: array (   'type' => 8,   'message' => 'Undefined index: HTTPS',   'file' => '/srv/disk2/2716219/www/cmsrunners.atwebpages.com/wp-content/plugins/secure-wordpress/res/inc/SwpaLiveTraffic.php',   'line' => 128, ) [] []
[2018-05-17 15:32:12] php_system.INFO: E_NOTICE: array (   'type' => 8,   'message' => 'Undefined index: HTTPS',   'file' => '/srv/disk2/2716219/www/cmsrunners.atwebpages.com/wp-content/plugins/secure-wordpress/res/inc/SwpaLiveTraffic.php',   'line' => 128, ) [] []
[2018-05-17 15:32:35] xcloner_api.INFO: Processing ajax request ID _mhk22425k [] []
[2018-05-17 15:32:35] xcloner_file_system.INFO: Starting the filesystem scanner on root folder /srv/disk2/2716219/www/cmsrunners.atwebpages.com [] []
[2018-05-17 15:32:35] xcloner_file_system.INFO: Excluding .htaccess from the filesystem list, matching pattern / ["FILESYSTEM SCAN","EXCLUDE"] []
[2018-05-17 15:32:35] xcloner_file_system.INFO: Excluding index.php from the filesystem list, matching pattern / ["FILESYSTEM SCAN","EXCLUDE"] []
[2018-05-17 15:32:35] xcloner_file_system.INFO: Excluding license.txt from the filesystem list, matching pattern / ["FILESYSTEM SCAN","EXCLUDE"] []
[2018-05-17 15:32:35] xcloner_file_system.INFO: Excluding meta from the filesystem list, matching pattern / ["FILESYSTEM SCAN","EXCLUDE"] []
[2018-05-17 15:32:35] xcloner_file_system.INFO: Excluding readme.html from the filesystem list, matching pattern / ["FILESYSTEM SCAN","EXCLUDE"] []
[2018-05-17 15:32:35] xcloner_file_system.INFO: Excluding wp-activate.php from the filesystem list, matching pattern / ["FILESYSTEM SCAN","EXCLUDE"] []
[2018-05-17 15:32:35] xcloner_file_system.INFO: Excluding wp-admin from the filesystem list, matching pattern / ["FILESYSTEM SCAN","EXCLUDE"] []
[2018-05-17 15:32:35] xcloner_file_system.INFO: Excluding wp-blog-header.php from the filesystem list, matching pattern / ["FILESYSTEM SCAN","EXCLUDE"] []
[2018-05-17 15:32:35] xcloner_file_system.INFO: Excluding wp-comments-post.php from the filesystem list, matching pattern / ["FILESYSTEM SCAN","EXCLUDE"] []
[2018-05-17 15:32:35] xcloner_file_system.INFO: Excluding wp-config-sample.php from the filesystem list, matching pattern / ["FILESYSTEM SCAN","EXCLUDE"] []
[2018-05-17 15:32:35] xcloner_file_system.INFO: Excluding wp-config.php from the filesystem list, matching pattern / ["FILESYSTEM SCAN","EXCLUDE"] []
[2018-05-17 15:32:35] xcloner_file_system.INFO: Excluding wp-content from the filesystem list, matching pattern / ["FILESYSTEM SCAN","EXCLUDE"] []
[2018-05-17 15:32:35] xcloner_file_system.INFO: Excluding wp-cron.php from the filesystem list, matching pattern / ["FILESYSTEM SCAN","EXCLUDE"] []
[2018-05-17 15:32:35] xcloner_file_system.INFO: Excluding wp-includes from the filesystem list, matching pattern / ["FILESYSTEM SCAN","EXCLUDE"] []
[2018-05-17 15:32:35] xcloner_file_system.INFO: Excluding wp-links-opml.php from the filesystem list, matching pattern / ["FILESYSTEM SCAN","EXCLUDE"] []
[2018-05-17 15:32:35] xcloner_file_system.INFO: Excluding wp-load.php from the filesystem list, matching pattern / ["FILESYSTEM SCAN","EXCLUDE"] []
[2018-05-17 15:32:35] xcloner_file_system.INFO: Excluding wp-login.php from the filesystem list, matching pattern / ["FILESYSTEM SCAN","EXCLUDE"] []
[2018-05-17 15:32:35] xcloner_file_system.INFO: Excluding wp-mail.php from the filesystem list, matching pattern / ["FILESYSTEM SCAN","EXCLUDE"] []
[2018-05-17 15:32:35] xcloner_file_system.INFO: Excluding wp-settings.php from the filesystem list, matching pattern / ["FILESYSTEM SCAN","EXCLUDE"] []
[2018-05-17 15:32:35] xcloner_file_system.INFO: Excluding wp-signup.php from the filesystem list, matching pattern / ["FILESYSTEM SCAN","EXCLUDE"] []
[2018-05-17 15:32:35] xcloner_file_system.INFO: Excluding wp-trackback.php from the filesystem list, matching pattern / ["FILESYSTEM SCAN","EXCLUDE"] []
[2018-05-17 15:32:35] xcloner_file_system.INFO: Excluding xmlrpc.php from the filesystem list, matching pattern / ["FILESYSTEM SCAN","EXCLUDE"] []
[2018-05-17 15:32:35] xcloner_file_system.INFO: Excluding zacky-installer.datarecord.php from the filesystem list, matching pattern / ["FILESYSTEM SCAN","EXCLUDE"] []
[2018-05-17 15:32:36] xcloner_api.INFO: Processing ajax request ID _vsaxvmn1v [] []
[2018-05-17 15:32:36] xcloner_database.INFO: Preparing the database recursion file [""] []
[2018-05-17 15:32:36] xcloner_database.INFO: Preparing the database recursion file [""] []
[2018-05-17 15:32:37] xcloner_database.ERROR: The 'INFORMATION_SCHEMA.GLOBAL_STATUS' feature is disabled; see the documentation for 'show_compatibility_56' [""] []
[2018-05-17 15:32:37] xcloner_database.ERROR: The 'INFORMATION_SCHEMA.GLOBAL_VARIABLES' feature is disabled; see the documentation for 'show_compatibility_56' [""] []
[2018-05-17 15:32:37] xcloner_database.ERROR: The 'INFORMATION_SCHEMA.SESSION_STATUS' feature is disabled; see the documentation for 'show_compatibility_56' [""] []
[2018-05-17 15:32:37] xcloner_database.ERROR: The 'INFORMATION_SCHEMA.SESSION_VARIABLES' feature is disabled; see the documentation for 'show_compatibility_56' [""] []
[2018-05-17 15:32:37] xcloner_database.ERROR: Access denied; you need (at least one of) the PROCESS privilege(s) for this operation [""] []
[2018-05-17 15:32:37] xcloner_database.ERROR: Access denied; you need (at least one of) the PROCESS privilege(s) for this operation [""] []
[2018-05-17 15:32:37] xcloner_database.ERROR: Access denied; you need (at least one of) the PROCESS privilege(s) for this operation [""] []
[2018-05-17 15:32:37] xcloner_database.ERROR: Access denied; you need (at least one of) the PROCESS privilege(s) for this operation [""] []
[2018-05-17 15:32:37] xcloner_database.ERROR: Access denied; you need (at least one of) the PROCESS privilege(s) for this operation [""] []
[2018-05-17 15:32:37] xcloner_database.ERROR: Access denied; you need (at least one of) the PROCESS privilege(s) for this operation [""] []
[2018-05-17 15:32:37] xcloner_database.ERROR: Access denied; you need (at least one of) the PROCESS privilege(s) for this operation [""] []
[2018-05-17 15:32:37] xcloner_database.ERROR: Access denied; you need (at least one of) the PROCESS privilege(s) for this operation [""] []
[2018-05-17 15:32:37] xcloner_database.ERROR: Access denied; you need (at least one of) the PROCESS privilege(s) for this operation [""] []
[2018-05-17 15:32:37] xcloner_database.ERROR: Access denied; you need (at least one of) the PROCESS privilege(s) for this operation [""] []
[2018-05-17 15:32:37] xcloner_database.ERROR: Access denied; you need (at least one of) the PROCESS privilege(s) for this operation [""] []
[2018-05-17 15:32:37] xcloner_database.ERROR: Access denied; you need (at least one of) the PROCESS privilege(s) for this operation [""] []
[2018-05-17 15:32:37] xcloner_database.ERROR: Access denied; you need (at least one of) the PROCESS privilege(s) for this operation [""] []
[2018-05-17 15:32:37] xcloner_database.ERROR: Access denied; you need (at least one of) the PROCESS privilege(s) for this operation [""] []
[2018-05-17 15:32:37] xcloner_database.ERROR: Access denied; you need (at least one of) the PROCESS privilege(s) for this operation [""] []
[2018-05-17 15:32:37] xcloner_database.ERROR: Access denied; you need (at least one of) the PROCESS privilege(s) for this operation [""] []
[2018-05-17 15:32:37] xcloner_database.ERROR: Access denied; you need (at least one of) the PROCESS privilege(s) for this operation [""] []
[2018-05-17 15:32:37] xcloner_database.ERROR: Access denied; you need (at least one of) the PROCESS privilege(s) for this operation [""] []
[2018-05-17 15:32:37] xcloner_database.ERROR: Access denied; you need (at least one of) the PROCESS privilege(s) for this operation [""] []
[2018-05-17 15:32:37] xcloner_database.ERROR: Access denied; you need (at least one of) the PROCESS privilege(s) for this operation [""] []
[2018-05-17 15:32:37] xcloner_database.ERROR: Access denied; you need (at least one of) the PROCESS privilege(s) for this operation [""] []
[2018-05-17 15:32:37] xcloner_database.ERROR: Access denied; you need (at least one of) the PROCESS privilege(s) for this operation [""] []
[2018-05-17 15:32:37] xcloner_database.ERROR: Access denied; you need (at least one of) the PROCESS privilege(s) for this operation [""] []
[2018-05-17 15:32:37] xcloner_database.ERROR: Access denied; you need (at least one of) the PROCESS privilege(s) for this operation [""] []
[2018-05-17 15:32:37] xcloner_database.ERROR: Access denied; you need (at least one of) the PROCESS privilege(s) for this operation [""] []
[2018-05-17 15:32:37] xcloner_database.ERROR: Access denied; you need (at least one of) the PROCESS privilege(s) for this operation [""] []
[2018-05-17 15:32:37] xcloner_database.ERROR: Access denied; you need (at least one of) the PROCESS privilege(s) for this operation [""] []
[2018-05-17 15:32:37] xcloner_database.ERROR: Access denied; you need (at least one of) the PROCESS privilege(s) for this operation [""] []
[2018-05-17 15:32:37] xcloner_database.ERROR: Access denied; you need (at least one of) the PROCESS privilege(s) for this operation [""] []
[2018-05-17 15:32:38] xcloner_api.INFO: Processing ajax request ID _qikomh0dv [] []
[2018-05-17 15:32:38] xcloner_database.INFO: Starting new backup dump to file database-backup.sql [""] []
[2018-05-17 15:32:38] xcloner_database.INFO: Writing 2716219_wpress827f5151 database dump headers [""] []
[2018-05-17 15:32:38] xcloner_database.INFO: Dumping the structure for 2716219_wpress827f5151.wp__wsd_plugin_alerts table [""] []
[2018-05-17 15:32:38] xcloner_database.INFO: Dumping 22 records starting position 0 from 2716219_wpress827f5151.wp__wsd_plugin_alerts table [""] []
[2018-05-17 15:32:38] xcloner_api.INFO: Processing ajax request ID _ut4p1tfzp [] []
[2018-05-17 15:32:39] xcloner_database.INFO: Dumping the structure for 2716219_wpress827f5151.wp__wsd_plugin_live_traffic table [""] []
[2018-05-17 15:32:39] xcloner_database.INFO: Dumping 509 records starting position 0 from 2716219_wpress827f5151.wp__wsd_plugin_live_traffic table [""] []
[2018-05-17 15:32:39] xcloner_api.INFO: Processing ajax request ID _4sh846fy9 [] []
[2018-05-17 15:32:40] xcloner_database.INFO: Dumping the structure for 2716219_wpress827f5151.wp_blc_filters table [""] []
[2018-05-17 15:32:40] xcloner_database.INFO: Dumping 0 records starting position 0 from 2716219_wpress827f5151.wp_blc_filters table [""] []
[2018-05-17 15:32:40] xcloner_api.INFO: Processing ajax request ID _ofr78cmmm [] []
[2018-05-17 15:32:40] xcloner_database.INFO: Dumping the structure for 2716219_wpress827f5151.wp_blc_instances table [""] []
[2018-05-17 15:32:40] xcloner_database.INFO: Dumping 12 records starting position 0 from 2716219_wpress827f5151.wp_blc_instances table [""] []
[2018-05-17 15:32:41] xcloner_api.INFO: Processing ajax request ID _rnluqnpfw [] []
[2018-05-17 15:32:41] xcloner_database.INFO: Dumping the structure for 2716219_wpress827f5151.wp_blc_links table [""] []
[2018-05-17 15:32:41] xcloner_database.INFO: Dumping 11 records starting position 0 from 2716219_wpress827f5151.wp_blc_links table [""] []
[2018-05-17 15:32:42] xcloner_api.INFO: Processing ajax request ID _lxs34ir1h [] []
[2018-05-17 15:32:42] xcloner_database.INFO: Dumping the structure for 2716219_wpress827f5151.wp_blc_synch table [""] []
[2018-05-17 15:32:42] xcloner_database.INFO: Dumping 32 records starting position 0 from 2716219_wpress827f5151.wp_blc_synch table [""] []
[2018-05-17 15:32:43] xcloner_api.INFO: Processing ajax request ID _gowaddrwv [] []
[2018-05-17 15:32:43] xcloner_database.INFO: Dumping the structure for 2716219_wpress827f5151.wp_commentmeta table [""] []
[2018-05-17 15:32:43] xcloner_database.INFO: Dumping 0 records starting position 0 from 2716219_wpress827f5151.wp_commentmeta table [""] []
[2018-05-17 15:32:44] xcloner_api.INFO: Processing ajax request ID _svyp5lj38 [] []
[2018-05-17 15:32:44] xcloner_database.INFO: Dumping the structure for 2716219_wpress827f5151.wp_comments table [""] []
[2018-05-17 15:32:44] xcloner_database.INFO: Dumping 1 records starting position 0 from 2716219_wpress827f5151.wp_comments table [""] []
[2018-05-17 15:32:44] xcloner_api.INFO: Processing ajax request ID _7i2rg8b28 [] []
[2018-05-17 15:32:45] xcloner_database.INFO: Dumping the structure for 2716219_wpress827f5151.wp_evf_entries table [""] []
[2018-05-17 15:32:45] xcloner_database.INFO: Dumping 1 records starting position 0 from 2716219_wpress827f5151.wp_evf_entries table [""] []
[2018-05-17 15:32:45] xcloner_api.INFO: Processing ajax request ID _qneiezce4 [] []
[2018-05-17 15:32:46] xcloner_database.INFO: Dumping the structure for 2716219_wpress827f5151.wp_evf_entrymeta table [""] []
[2018-05-17 15:32:46] xcloner_database.INFO: Dumping 4 records starting position 0 from 2716219_wpress827f5151.wp_evf_entrymeta table [""] []
[2018-05-17 15:32:46] xcloner_api.INFO: Processing ajax request ID _fyz8xt0w3 [] []
[2018-05-17 15:32:46] xcloner_database.INFO: Dumping the structure for 2716219_wpress827f5151.wp_evf_sessions table [""] []
[2018-05-17 15:32:46] xcloner_database.INFO: Dumping 1 records starting position 0 from 2716219_wpress827f5151.wp_evf_sessions table [""] []
[2018-05-17 15:32:47] xcloner_api.INFO: Processing ajax request ID _qw95bjhvp [] []
[2018-05-17 15:32:47] xcloner_database.INFO: Dumping the structure for 2716219_wpress827f5151.wp_links table [""] []
[2018-05-17 15:32:47] xcloner_database.INFO: Dumping 0 records starting position 0 from 2716219_wpress827f5151.wp_links table [""] []
[2018-05-17 15:32:48] xcloner_api.INFO: Processing ajax request ID _e0hwidkhx [] []
[2018-05-17 15:32:48] xcloner_database.INFO: Dumping the structure for 2716219_wpress827f5151.wp_options table [""] []
[2018-05-17 15:32:48] xcloner_database.INFO: Dumping 316 records starting position 0 from 2716219_wpress827f5151.wp_options table [""] []
[2018-05-17 15:32:49] xcloner_api.INFO: Processing ajax request ID _k1a96xmri [] []
[2018-05-17 15:32:49] xcloner_database.INFO: Dumping the structure for 2716219_wpress827f5151.wp_postmeta table [""] []
[2018-05-17 15:32:49] xcloner_database.INFO: Dumping 437 records starting position 0 from 2716219_wpress827f5151.wp_postmeta table [""] []
[2018-05-17 15:32:50] xcloner_api.INFO: Processing ajax request ID _sqfeq4tqz [] []
[2018-05-17 15:32:50] xcloner_database.INFO: Dumping the structure for 2716219_wpress827f5151.wp_posts table [""] []
[2018-05-17 15:32:50] xcloner_database.INFO: Dumping 140 records starting position 0 from 2716219_wpress827f5151.wp_posts table [""] []
[2018-05-17 15:32:50] xcloner_api.INFO: Processing ajax request ID _ls85uksx3 [] []
[2018-05-17 15:32:51] xcloner_database.INFO: Dumping the structure for 2716219_wpress827f5151.wp_term_relationships table [""] []
[2018-05-17 15:32:51] xcloner_database.INFO: Dumping 49 records starting position 0 from 2716219_wpress827f5151.wp_term_relationships table [""] []
[2018-05-17 15:32:51] xcloner_api.INFO: Processing ajax request ID _9nadar2wa [] []
[2018-05-17 15:32:52] xcloner_database.INFO: Dumping the structure for 2716219_wpress827f5151.wp_term_taxonomy table [""] []
[2018-05-17 15:32:52] xcloner_database.INFO: Dumping 29 records starting position 0 from 2716219_wpress827f5151.wp_term_taxonomy table [""] []
[2018-05-17 15:32:52] xcloner_api.INFO: Processing ajax request ID _eg5uw08td [] []
[2018-05-17 15:32:52] xcloner_database.INFO: Dumping the structure for 2716219_wpress827f5151.wp_termmeta table [""] []
[2018-05-17 15:32:52] xcloner_database.INFO: Dumping 0 records starting position 0 from 2716219_wpress827f5151.wp_termmeta table [""] []
[2018-05-17 15:32:53] xcloner_api.INFO: Processing ajax request ID _vjpm92jbj [] []
[2018-05-17 15:32:53] xcloner_database.INFO: Dumping the structure for 2716219_wpress827f5151.wp_terms table [""] []
[2018-05-17 15:32:53] xcloner_database.INFO: Dumping 29 records starting position 0 from 2716219_wpress827f5151.wp_terms table [""] []
[2018-05-17 15:32:54] xcloner_api.INFO: Processing ajax request ID _mp9dtxhu5 [] []
[2018-05-17 15:32:54] xcloner_database.INFO: Dumping the structure for 2716219_wpress827f5151.wp_usermeta table [""] []
[2018-05-17 15:32:54] xcloner_database.INFO: Dumping 25 records starting position 0 from 2716219_wpress827f5151.wp_usermeta table [""] []
[2018-05-17 15:32:54] xcloner_api.INFO: Processing ajax request ID _ytn3fqagg [] []
[2018-05-17 15:32:55] xcloner_database.INFO: Dumping the structure for 2716219_wpress827f5151.wp_users table [""] []
[2018-05-17 15:32:55] xcloner_database.INFO: Dumping 1 records starting position 0 from 2716219_wpress827f5151.wp_users table [""] []
[2018-05-17 15:32:55] xcloner_api.INFO: Processing ajax request ID _bnewuw4ge [] []
[2018-05-17 15:32:56] xcloner_database.INFO: Dumping the structure for 2716219_wpress827f5151.wp_xcloner_scheduler table [""] []
[2018-05-17 15:32:56] xcloner_database.INFO: Dumping 0 records starting position 0 from 2716219_wpress827f5151.wp_xcloner_scheduler table [""] []
[2018-05-17 15:32:56] xcloner_api.INFO: Processing ajax request ID _ea5xykmi8 [] []
[2018-05-17 15:32:56] xcloner_database.INFO: Dumping the structure for 2716219_wpress827f5151.wp_yoast_seo_links table [""] []
[2018-05-17 15:32:56] xcloner_database.INFO: Dumping 5 records starting position 0 from 2716219_wpress827f5151.wp_yoast_seo_links table [""] []
[2018-05-17 15:32:57] xcloner_api.INFO: Processing ajax request ID _qpxz5tjo3 [] []
[2018-05-17 15:32:57] xcloner_database.INFO: Dumping the structure for 2716219_wpress827f5151.wp_yoast_seo_meta table [""] []
[2018-05-17 15:32:57] xcloner_database.INFO: Dumping 53 records starting position 0 from 2716219_wpress827f5151.wp_yoast_seo_meta table [""] []
[2018-05-17 15:32:58] xcloner_api.INFO: Processing ajax request ID _uihel3j6q [] []
[2018-05-17 15:32:58] xcloner_database.INFO: Starting new backup dump to file information_schema-backup.sql [""] []
[2018-05-17 15:32:58] xcloner_database.INFO: Writing information_schema database dump headers [""] []
[2018-05-17 15:32:58] xcloner_database.INFO: Dumping the structure for information_schema.CHARACTER_SETS table [""] []
[2018-05-17 15:32:58] xcloner_database.INFO: Dumping 41 records starting position 0 from information_schema.CHARACTER_SETS table [""] []
[2018-05-17 15:32:59] xcloner_api.INFO: Processing ajax request ID _8op9pl0ye [] []
[2018-05-17 15:32:59] xcloner_database.INFO: Dumping the structure for information_schema.CHARACTER_SETS table [""] []
[2018-05-17 15:32:59] xcloner_database.INFO: Dumping 41 records starting position 0 from information_schema.CHARACTER_SETS table [""] []
[2018-05-17 15:33:00] xcloner_api.INFO: Processing ajax request ID _84jfcabhe [] []
[2018-05-17 15:33:00] xcloner_database.INFO: Dumping the structure for information_schema.COLLATIONS table [""] []
[2018-05-17 15:33:00] xcloner_database.INFO: Dumping 222 records starting position 0 from information_schema.COLLATIONS table [""] []
[2018-05-17 15:33:00] xcloner_api.INFO: Processing ajax request ID _ccm162tqh [] []
[2018-05-17 15:33:01] xcloner_database.INFO: Dumping the structure for information_schema.COLLATION_CHARACTER_SET_APPLICABILITY table [""] []
[2018-05-17 15:33:01] xcloner_database.INFO: Dumping 222 records starting position 0 from information_schema.COLLATION_CHARACTER_SET_APPLICABILITY table [""] []
[2018-05-17 15:33:01] xcloner_api.INFO: Processing ajax request ID _2e33crmgc [] []
[2018-05-17 15:33:02] xcloner_database.INFO: Dumping the structure for information_schema.COLUMNS table [""] []
[2018-05-17 15:33:02] xcloner_database.INFO: Dumping 786 records starting position 0 from information_schema.COLUMNS table [""] []
[2018-05-17 15:33:02] xcloner_api.INFO: Processing ajax request ID _ip5tg4z4m [] []
[2018-05-17 15:33:03] xcloner_database.INFO: Dumping the structure for information_schema.COLUMN_PRIVILEGES table [""] []
[2018-05-17 15:33:03] xcloner_database.INFO: Dumping 0 records starting position 0 from information_schema.COLUMN_PRIVILEGES table [""] []
[2018-05-17 15:33:19] xcloner_file_system.INFO: Cleaning the backup storage on matching rules [] []
[2018-05-17 15:33:57] xcloner_api.INFO: Processing ajax request ID _0ilssqsvu [] []
[2018-05-17 15:33:57] xcloner_file_system.INFO: Starting the filesystem scanner on root folder /srv/disk2/2716219/www/cmsrunners.atwebpages.com [] []
[2018-05-17 15:33:57] xcloner_file_system.INFO: Excluding .htaccess from the filesystem list, matching pattern / ["FILESYSTEM SCAN","EXCLUDE"] []
[2018-05-17 15:33:57] xcloner_file_system.INFO: Excluding index.php from the filesystem list, matching pattern / ["FILESYSTEM SCAN","EXCLUDE"] []
[2018-05-17 15:33:57] xcloner_file_system.INFO: Excluding license.txt from the filesystem list, matching pattern / ["FILESYSTEM SCAN","EXCLUDE"] []
[2018-05-17 15:33:57] xcloner_file_system.INFO: Excluding meta from the filesystem list, matching pattern / ["FILESYSTEM SCAN","EXCLUDE"] []
[2018-05-17 15:33:57] xcloner_file_system.INFO: Excluding readme.html from the filesystem list, matching pattern / ["FILESYSTEM SCAN","EXCLUDE"] []
[2018-05-17 15:33:57] xcloner_file_system.INFO: Excluding wp-activate.php from the filesystem list, matching pattern / ["FILESYSTEM SCAN","EXCLUDE"] []
[2018-05-17 15:33:57] xcloner_file_system.INFO: Excluding wp-admin from the filesystem list, matching pattern / ["FILESYSTEM SCAN","EXCLUDE"] []
[2018-05-17 15:33:57] xcloner_file_system.INFO: Excluding wp-blog-header.php from the filesystem list, matching pattern / ["FILESYSTEM SCAN","EXCLUDE"] []
[2018-05-17 15:33:57] xcloner_file_system.INFO: Excluding wp-comments-post.php from the filesystem list, matching pattern / ["FILESYSTEM SCAN","EXCLUDE"] []
[2018-05-17 15:33:57] xcloner_file_system.INFO: Excluding wp-config-sample.php from the filesystem list, matching pattern / ["FILESYSTEM SCAN","EXCLUDE"] []
[2018-05-17 15:33:57] xcloner_file_system.INFO: Excluding wp-config.php from the filesystem list, matching pattern / ["FILESYSTEM SCAN","EXCLUDE"] []
[2018-05-17 15:33:57] xcloner_file_system.INFO: Excluding wp-content from the filesystem list, matching pattern / ["FILESYSTEM SCAN","EXCLUDE"] []
[2018-05-17 15:33:57] xcloner_file_system.INFO: Excluding wp-cron.php from the filesystem list, matching pattern / ["FILESYSTEM SCAN","EXCLUDE"] []
[2018-05-17 15:33:57] xcloner_file_system.INFO: Excluding wp-includes from the filesystem list, matching pattern / ["FILESYSTEM SCAN","EXCLUDE"] []
[2018-05-17 15:33:57] xcloner_file_system.INFO: Excluding wp-links-opml.php from the filesystem list, matching pattern / ["FILESYSTEM SCAN","EXCLUDE"] []
[2018-05-17 15:33:57] xcloner_file_system.INFO: Excluding wp-load.php from the filesystem list, matching pattern / ["FILESYSTEM SCAN","EXCLUDE"] []
[2018-05-17 15:33:57] xcloner_file_system.INFO: Excluding wp-login.php from the filesystem list, matching pattern / ["FILESYSTEM SCAN","EXCLUDE"] []
[2018-05-17 15:33:57] xcloner_file_system.INFO: Excluding wp-mail.php from the filesystem list, matching pattern / ["FILESYSTEM SCAN","EXCLUDE"] []
[2018-05-17 15:33:57] xcloner_file_system.INFO: Excluding wp-settings.php from the filesystem list, matching pattern / ["FILESYSTEM SCAN","EXCLUDE"] []
[2018-05-17 15:33:57] xcloner_file_system.INFO: Excluding wp-signup.php from the filesystem list, matching pattern / ["FILESYSTEM SCAN","EXCLUDE"] []
[2018-05-17 15:33:57] xcloner_file_system.INFO: Excluding wp-trackback.php from the filesystem list, matching pattern / ["FILESYSTEM SCAN","EXCLUDE"] []
[2018-05-17 15:33:57] xcloner_file_system.INFO: Excluding xmlrpc.php from the filesystem list, matching pattern / ["FILESYSTEM SCAN","EXCLUDE"] []
[2018-05-17 15:33:57] xcloner_file_system.INFO: Excluding zacky-installer.datarecord.php from the filesystem list, matching pattern / ["FILESYSTEM SCAN","EXCLUDE"] []
[2018-05-17 15:33:58] xcloner_api.INFO: Processing ajax request ID _8f43zcdff [] []
[2018-05-17 15:33:58] xcloner_database.INFO: Preparing the database recursion file [""] []
[2018-05-17 15:33:58] xcloner_database.INFO: Preparing the database recursion file [""] []
[2018-05-17 15:33:59] xcloner_database.ERROR: The 'INFORMATION_SCHEMA.GLOBAL_STATUS' feature is disabled; see the documentation for 'show_compatibility_56' [""] []
[2018-05-17 15:33:59] xcloner_database.ERROR: The 'INFORMATION_SCHEMA.GLOBAL_VARIABLES' feature is disabled; see the documentation for 'show_compatibility_56' [""] []
[2018-05-17 15:33:59] xcloner_database.ERROR: The 'INFORMATION_SCHEMA.SESSION_STATUS' feature is disabled; see the documentation for 'show_compatibility_56' [""] []
[2018-05-17 15:33:59] xcloner_database.ERROR: The 'INFORMATION_SCHEMA.SESSION_VARIABLES' feature is disabled; see the documentation for 'show_compatibility_56' [""] []
[2018-05-17 15:33:59] xcloner_database.ERROR: Access denied; you need (at least one of) the PROCESS privilege(s) for this operation [""] []
[2018-05-17 15:33:59] xcloner_database.ERROR: Access denied; you need (at least one of) the PROCESS privilege(s) for this operation [""] []
[2018-05-17 15:33:59] xcloner_database.ERROR: Access denied; you need (at least one of) the PROCESS privilege(s) for this operation [""] []
[2018-05-17 15:33:59] xcloner_database.ERROR: Access denied; you need (at least one of) the PROCESS privilege(s) for this operation [""] []
[2018-05-17 15:33:59] xcloner_database.ERROR: Access denied; you need (at least one of) the PROCESS privilege(s) for this operation [""] []
[2018-05-17 15:33:59] xcloner_database.ERROR: Access denied; you need (at least one of) the PROCESS privilege(s) for this operation [""] []
[2018-05-17 15:33:59] xcloner_database.ERROR: Access denied; you need (at least one of) the PROCESS privilege(s) for this operation [""] []
[2018-05-17 15:33:59] xcloner_database.ERROR: Access denied; you need (at least one of) the PROCESS privilege(s) for this operation [""] []
[2018-05-17 15:33:59] xcloner_database.ERROR: Access denied; you need (at least one of) the PROCESS privilege(s) for this operation [""] []
[2018-05-17 15:33:59] xcloner_database.ERROR: Access denied; you need (at least one of) the PROCESS privilege(s) for this operation [""] []
[2018-05-17 15:33:59] xcloner_database.ERROR: Access denied; you need (at least one of) the PROCESS privilege(s) for this operation [""] []
[2018-05-17 15:33:59] xcloner_database.ERROR: Access denied; you need (at least one of) the PROCESS privilege(s) for this operation [""] []
[2018-05-17 15:33:59] xcloner_database.ERROR: Access denied; you need (at least one of) the PROCESS privilege(s) for this operation [""] []
[2018-05-17 15:33:59] xcloner_database.ERROR: Access denied; you need (at least one of) the PROCESS privilege(s) for this operation [""] []
[2018-05-17 15:33:59] xcloner_database.ERROR: Access denied; you need (at least one of) the PROCESS privilege(s) for this operation [""] []
[2018-05-17 15:33:59] xcloner_database.ERROR: Access denied; you need (at least one of) the PROCESS privilege(s) for this operation [""] []
[2018-05-17 15:33:59] xcloner_database.ERROR: Access denied; you need (at least one of) the PROCESS privilege(s) for this operation [""] []
[2018-05-17 15:33:59] xcloner_database.ERROR: Access denied; you need (at least one of) the PROCESS privilege(s) for this operation [""] []
[2018-05-17 15:33:59] xcloner_database.ERROR: Access denied; you need (at least one of) the PROCESS privilege(s) for this operation [""] []
[2018-05-17 15:33:59] xcloner_database.ERROR: Access denied; you need (at least one of) the PROCESS privilege(s) for this operation [""] []
[2018-05-17 15:33:59] xcloner_database.ERROR: Access denied; you need (at least one of) the PROCESS privilege(s) for this operation [""] []
[2018-05-17 15:33:59] xcloner_database.ERROR: Access denied; you need (at least one of) the PROCESS privilege(s) for this operation [""] []
[2018-05-17 15:33:59] xcloner_database.ERROR: Access denied; you need (at least one of) the PROCESS privilege(s) for this operation [""] []
[2018-05-17 15:33:59] xcloner_database.ERROR: Access denied; you need (at least one of) the PROCESS privilege(s) for this operation [""] []
[2018-05-17 15:33:59] xcloner_database.ERROR: Access denied; you need (at least one of) the PROCESS privilege(s) for this operation [""] []
[2018-05-17 15:33:59] xcloner_database.ERROR: Access denied; you need (at least one of) the PROCESS privilege(s) for this operation [""] []
[2018-05-17 15:33:59] xcloner_database.ERROR: Access denied; you need (at least one of) the PROCESS privilege(s) for this operation [""] []
[2018-05-17 15:33:59] xcloner_database.ERROR: Access denied; you need (at least one of) the PROCESS privilege(s) for this operation [""] []
[2018-05-17 15:33:59] xcloner_database.ERROR: Access denied; you need (at least one of) the PROCESS privilege(s) for this operation [""] []
[2018-05-17 15:33:59] xcloner_api.INFO: Processing ajax request ID _jeozm9yrg [] []
[2018-05-17 15:33:59] xcloner_database.INFO: Starting new backup dump to file database-backup.sql [""] []
[2018-05-17 15:33:59] xcloner_database.INFO: Writing 2716219_wpress827f5151 database dump headers [""] []
[2018-05-17 15:33:59] xcloner_database.INFO: Dumping the structure for 2716219_wpress827f5151.wp__wsd_plugin_alerts table [""] []
[2018-05-17 15:33:59] xcloner_database.INFO: Dumping 22 records starting position 0 from 2716219_wpress827f5151.wp__wsd_plugin_alerts table [""] []
[2018-05-17 15:34:00] xcloner_api.INFO: Processing ajax request ID _wb3aac90i [] []
[2018-05-17 15:34:00] xcloner_database.INFO: Dumping the structure for 2716219_wpress827f5151.wp__wsd_plugin_live_traffic table [""] []
[2018-05-17 15:34:00] xcloner_database.INFO: Dumping 509 records starting position 0 from 2716219_wpress827f5151.wp__wsd_plugin_live_traffic table [""] []
[2018-05-17 15:34:01] xcloner_api.INFO: Processing ajax request ID _xpf2klfqx [] []
[2018-05-17 15:34:01] xcloner_database.INFO: Dumping the structure for 2716219_wpress827f5151.wp_blc_filters table [""] []
[2018-05-17 15:34:01] xcloner_database.INFO: Dumping 0 records starting position 0 from 2716219_wpress827f5151.wp_blc_filters table [""] []
[2018-05-17 15:34:02] xcloner_api.INFO: Processing ajax request ID _f1ozvyno0 [] []
[2018-05-17 15:34:02] xcloner_database.INFO: Dumping the structure for 2716219_wpress827f5151.wp_blc_instances table [""] []
[2018-05-17 15:34:02] xcloner_database.INFO: Dumping 12 records starting position 0 from 2716219_wpress827f5151.wp_blc_instances table [""] []
[2018-05-17 15:34:02] xcloner_api.INFO: Processing ajax request ID _2ys17noyb [] []
[2018-05-17 15:34:03] xcloner_database.INFO: Dumping the structure for 2716219_wpress827f5151.wp_blc_links table [""] []
[2018-05-17 15:34:03] xcloner_database.INFO: Dumping 11 records starting position 0 from 2716219_wpress827f5151.wp_blc_links table [""] []
[2018-05-17 15:34:03] xcloner_api.INFO: Processing ajax request ID _k3ynin6aj [] []
[2018-05-17 15:34:03] xcloner_database.INFO: Dumping the structure for 2716219_wpress827f5151.wp_blc_synch table [""] []
[2018-05-17 15:34:03] xcloner_database.INFO: Dumping 32 records starting position 0 from 2716219_wpress827f5151.wp_blc_synch table [""] []
[2018-05-17 15:34:04] xcloner_api.INFO: Processing ajax request ID _c7gl1o8yd [] []
[2018-05-17 15:34:04] xcloner_database.INFO: Dumping the structure for 2716219_wpress827f5151.wp_commentmeta table [""] []
[2018-05-17 15:34:04] xcloner_database.INFO: Dumping 0 records starting position 0 from 2716219_wpress827f5151.wp_commentmeta table [""] []
[2018-05-17 15:34:05] xcloner_api.INFO: Processing ajax request ID _wvdelbv7q [] []
[2018-05-17 15:34:05] xcloner_database.INFO: Dumping the structure for 2716219_wpress827f5151.wp_comments table [""] []
[2018-05-17 15:34:05] xcloner_database.INFO: Dumping 1 records starting position 0 from 2716219_wpress827f5151.wp_comments table [""] []
[2018-05-17 15:34:06] xcloner_api.INFO: Processing ajax request ID _axectbzdv [] []
[2018-05-17 15:34:06] xcloner_database.INFO: Dumping the structure for 2716219_wpress827f5151.wp_evf_entries table [""] []
[2018-05-17 15:34:06] xcloner_database.INFO: Dumping 1 records starting position 0 from 2716219_wpress827f5151.wp_evf_entries table [""] []
[2018-05-17 15:34:06] xcloner_api.INFO: Processing ajax request ID _cxptz2oun [] []
[2018-05-17 15:34:07] xcloner_database.INFO: Dumping the structure for 2716219_wpress827f5151.wp_evf_entrymeta table [""] []
[2018-05-17 15:34:07] xcloner_database.INFO: Dumping 4 records starting position 0 from 2716219_wpress827f5151.wp_evf_entrymeta table [""] []
[2018-05-17 15:34:07] xcloner_api.INFO: Processing ajax request ID _9us7n09bn [] []
[2018-05-17 15:34:08] xcloner_database.INFO: Dumping the structure for 2716219_wpress827f5151.wp_evf_sessions table [""] []
[2018-05-17 15:34:08] xcloner_database.INFO: Dumping 1 records starting position 0 from 2716219_wpress827f5151.wp_evf_sessions table [""] []
[2018-05-17 15:34:08] xcloner_api.INFO: Processing ajax request ID _ut7us8edy [] []
[2018-05-17 15:34:08] xcloner_database.INFO: Dumping the structure for 2716219_wpress827f5151.wp_links table [""] []
[2018-05-17 15:34:08] xcloner_database.INFO: Dumping 0 records starting position 0 from 2716219_wpress827f5151.wp_links table [""] []
[2018-05-17 15:34:09] xcloner_api.INFO: Processing ajax request ID _cdbrwco8i [] []
[2018-05-17 15:34:09] xcloner_database.INFO: Dumping the structure for 2716219_wpress827f5151.wp_options table [""] []
[2018-05-17 15:34:09] xcloner_database.INFO: Dumping 318 records starting position 0 from 2716219_wpress827f5151.wp_options table [""] []
[2018-05-17 15:34:10] xcloner_api.INFO: Processing ajax request ID _vp37ueg8p [] []
[2018-05-17 15:34:10] xcloner_database.INFO: Dumping the structure for 2716219_wpress827f5151.wp_postmeta table [""] []
[2018-05-17 15:34:10] xcloner_database.INFO: Dumping 437 records starting position 0 from 2716219_wpress827f5151.wp_postmeta table [""] []
[2018-05-17 15:34:11] xcloner_api.INFO: Processing ajax request ID _tmfhx6lh3 [] []
[2018-05-17 15:34:11] xcloner_database.INFO: Dumping the structure for 2716219_wpress827f5151.wp_posts table [""] []
[2018-05-17 15:34:11] xcloner_database.INFO: Dumping 140 records starting position 0 from 2716219_wpress827f5151.wp_posts table [""] []
[2018-05-17 15:34:12] xcloner_api.INFO: Processing ajax request ID _ds6griduv [] []
[2018-05-17 15:34:12] xcloner_database.INFO: Dumping the structure for 2716219_wpress827f5151.wp_term_relationships table [""] []
[2018-05-17 15:34:12] xcloner_database.INFO: Dumping 49 records starting position 0 from 2716219_wpress827f5151.wp_term_relationships table [""] []
[2018-05-17 15:34:13] xcloner_api.INFO: Processing ajax request ID _sm5s25tnh [] []
[2018-05-17 15:34:13] xcloner_database.INFO: Dumping the structure for 2716219_wpress827f5151.wp_term_taxonomy table [""] []
[2018-05-17 15:34:13] xcloner_database.INFO: Dumping 29 records starting position 0 from 2716219_wpress827f5151.wp_term_taxonomy table [""] []
[2018-05-17 15:34:14] xcloner_api.INFO: Processing ajax request ID _oup0mbei6 [] []
[2018-05-17 15:34:14] xcloner_database.INFO: Dumping the structure for 2716219_wpress827f5151.wp_termmeta table [""] []
[2018-05-17 15:34:14] xcloner_database.INFO: Dumping 0 records starting position 0 from 2716219_wpress827f5151.wp_termmeta table [""] []
[2018-05-17 15:34:14] xcloner_api.INFO: Processing ajax request ID _fwzf8n9fp [] []
[2018-05-17 15:34:15] xcloner_database.INFO: Dumping the structure for 2716219_wpress827f5151.wp_terms table [""] []
[2018-05-17 15:34:15] xcloner_database.INFO: Dumping 29 records starting position 0 from 2716219_wpress827f5151.wp_terms table [""] []
[2018-05-17 15:34:15] xcloner_api.INFO: Processing ajax request ID _ey6c4ohso [] []
[2018-05-17 15:34:16] xcloner_database.INFO: Dumping the structure for 2716219_wpress827f5151.wp_usermeta table [""] []
[2018-05-17 15:34:16] xcloner_database.INFO: Dumping 25 records starting position 0 from 2716219_wpress827f5151.wp_usermeta table [""] []
[2018-05-17 15:34:16] xcloner_api.INFO: Processing ajax request ID _beoo36gxi [] []
[2018-05-17 15:34:16] xcloner_database.INFO: Dumping the structure for 2716219_wpress827f5151.wp_users table [""] []
[2018-05-17 15:34:16] xcloner_database.INFO: Dumping 1 records starting position 0 from 2716219_wpress827f5151.wp_users table [""] []
[2018-05-17 15:34:17] xcloner_api.INFO: Processing ajax request ID _spdl5oluh [] []
[2018-05-17 15:34:17] xcloner_database.INFO: Dumping the structure for 2716219_wpress827f5151.wp_xcloner_scheduler table [""] []
[2018-05-17 15:34:17] xcloner_database.INFO: Dumping 0 records starting position 0 from 2716219_wpress827f5151.wp_xcloner_scheduler table [""] []
[2018-05-17 15:34:18] xcloner_api.INFO: Processing ajax request ID _63qez7er5 [] []
[2018-05-17 15:34:18] xcloner_database.INFO: Dumping the structure for 2716219_wpress827f5151.wp_yoast_seo_links table [""] []
[2018-05-17 15:34:18] xcloner_database.INFO: Dumping 5 records starting position 0 from 2716219_wpress827f5151.wp_yoast_seo_links table [""] []
[2018-05-17 15:34:18] xcloner_api.INFO: Processing ajax request ID _8u0l0y59o [] []
[2018-05-17 15:34:19] xcloner_database.INFO: Dumping the structure for 2716219_wpress827f5151.wp_yoast_seo_meta table [""] []
[2018-05-17 15:34:19] xcloner_database.INFO: Dumping 53 records starting position 0 from 2716219_wpress827f5151.wp_yoast_seo_meta table [""] []
[2018-05-17 15:34:19] xcloner_api.INFO: Processing ajax request ID _5iw5py73d [] []
[2018-05-17 15:34:20] xcloner_database.INFO: Starting new backup dump to file information_schema-backup.sql [""] []
[2018-05-17 15:34:20] xcloner_database.INFO: Writing information_schema database dump headers [""] []
[2018-05-17 15:34:20] xcloner_database.INFO: Dumping the structure for information_schema.CHARACTER_SETS table [""] []
[2018-05-17 15:34:20] xcloner_database.INFO: Dumping 41 records starting position 0 from information_schema.CHARACTER_SETS table [""] []
[2018-05-17 15:34:20] xcloner_api.INFO: Processing ajax request ID _mn7dhdydd [] []
[2018-05-17 15:34:20] xcloner_database.INFO: Dumping the structure for information_schema.CHARACTER_SETS table [""] []
[2018-05-17 15:34:20] xcloner_database.INFO: Dumping 41 records starting position 0 from information_schema.CHARACTER_SETS table [""] []
[2018-05-17 15:34:21] xcloner_api.INFO: Processing ajax request ID _rxbfr9y78 [] []
[2018-05-17 15:34:21] xcloner_database.INFO: Dumping the structure for information_schema.COLLATIONS table [""] []
[2018-05-17 15:34:21] xcloner_database.INFO: Dumping 222 records starting position 0 from information_schema.COLLATIONS table [""] []
[2018-05-17 15:34:22] xcloner_api.INFO: Processing ajax request ID _l8kamjiy6 [] []
[2018-05-17 15:34:22] xcloner_database.INFO: Dumping the structure for information_schema.COLLATION_CHARACTER_SET_APPLICABILITY table [""] []
[2018-05-17 15:34:22] xcloner_database.INFO: Dumping 222 records starting position 0 from information_schema.COLLATION_CHARACTER_SET_APPLICABILITY table [""] []
[2018-05-17 15:34:23] xcloner_api.INFO: Processing ajax request ID _05hryx3tu [] []
[2018-05-17 15:34:23] xcloner_database.INFO: Dumping the structure for information_schema.COLUMNS table [""] []
[2018-05-17 15:34:23] xcloner_database.INFO: Dumping 786 records starting position 0 from information_schema.COLUMNS table [""] []
[2018-05-17 15:34:24] xcloner_api.INFO: Processing ajax request ID _z0bgypwgx [] []
[2018-05-17 15:34:24] xcloner_database.INFO: Dumping the structure for information_schema.COLUMN_PRIVILEGES table [""] []
[2018-05-17 15:34:24] xcloner_database.INFO: Dumping 0 records starting position 0 from information_schema.COLUMN_PRIVILEGES table [""] []
[2018-05-17 15:34:25] xcloner_api.INFO: Processing ajax request ID _nda4ofl51 [] []
[2018-05-17 15:34:25] xcloner_database.INFO: Dumping the structure for information_schema.ENGINES table [""] []
[2018-05-17 15:34:25] xcloner_database.INFO: Dumping 9 records starting position 0 from information_schema.ENGINES table [""] []
[2018-05-17 15:34:26] xcloner_api.INFO: Processing ajax request ID _li4m5iqrn [] []
[2018-05-17 15:34:26] xcloner_database.INFO: Dumping the structure for information_schema.EVENTS table [""] []
[2018-05-17 15:34:26] xcloner_database.INFO: Dumping 0 records starting position 0 from information_schema.EVENTS table [""] []
[2018-05-17 15:34:26] xcloner_api.INFO: Processing ajax request ID _2b6dgzykx [] []
[2018-05-17 15:34:27] xcloner_database.INFO: Dumping the structure for information_schema.FILES table [""] []
[2018-05-17 15:34:34] xcloner_database.INFO: Dumping 10000 records starting position 0 from information_schema.FILES table [""] []
[2018-05-17 15:34:35] xcloner_api.INFO: Processing ajax request ID _ezjxtm1dl [] []
[2018-05-17 15:34:42] xcloner_database.INFO: Dumping 10000 records starting position 10000 from information_schema.FILES table [""] []
[2018-05-17 15:34:43] xcloner_api.INFO: Processing ajax request ID _as60ye6x2 [] []
[2018-05-17 15:34:50] xcloner_database.INFO: Dumping 10000 records starting position 20000 from information_schema.FILES table [""] []
[2018-05-17 15:34:51] xcloner_api.INFO: Processing ajax request ID _922e3c6p3 [] []
[2018-05-17 15:34:54] xcloner_database.INFO: Dumping 3173 records starting position 30000 from information_schema.FILES table [""] []
[2018-05-17 15:34:54] xcloner_api.INFO: Processing ajax request ID _8wnhqp85i [] []
[2018-05-17 15:34:54] xcloner_database.INFO: Dumping the structure for information_schema.GLOBAL_STATUS table [""] []
[2018-05-17 15:34:54] xcloner_database.INFO: Dumping 0 records starting position 0 from information_schema.GLOBAL_STATUS table [""] []
[2018-05-17 15:34:55] xcloner_api.INFO: Processing ajax request ID _6ob7bzhxs [] []
[2018-05-17 15:34:55] xcloner_database.INFO: Dumping the structure for information_schema.GLOBAL_VARIABLES table [""] []
[2018-05-17 15:34:55] xcloner_database.INFO: Dumping 0 records starting position 0 from information_schema.GLOBAL_VARIABLES table [""] []
[2018-05-17 15:34:56] xcloner_api.INFO: Processing ajax request ID _5767obtl6 [] []
[2018-05-17 15:34:56] xcloner_database.INFO: Dumping the structure for information_schema.KEY_COLUMN_USAGE table [""] []
[2018-05-17 15:34:56] xcloner_database.INFO: Dumping 31 records starting position 0 from information_schema.KEY_COLUMN_USAGE table [""] []
[2018-05-17 15:34:57] xcloner_api.INFO: Processing ajax request ID _6ejifkytd [] []
[2018-05-17 15:34:57] xcloner_database.INFO: Dumping the structure for information_schema.OPTIMIZER_TRACE table [""] []
[2018-05-17 15:34:57] xcloner_database.INFO: Dumping 0 records starting position 0 from information_schema.OPTIMIZER_TRACE table [""] []
[2018-05-17 15:34:57] xcloner_api.INFO: Processing ajax request ID _4zk39qm2p [] []
[2018-05-17 15:34:58] xcloner_database.INFO: Dumping the structure for information_schema.PARAMETERS table [""] []
[2018-05-17 15:34:58] xcloner_database.INFO: Dumping 0 records starting position 0 from information_schema.PARAMETERS table [""] []
[2018-05-17 15:34:58] xcloner_api.INFO: Processing ajax request ID _cux8qf7p4 [] []
[2018-05-17 15:34:59] xcloner_database.INFO: Dumping the structure for information_schema.PARTITIONS table [""] []
[2018-05-17 15:34:59] xcloner_database.INFO: Dumping 85 records starting position 0 from information_schema.PARTITIONS table [""] []
[2018-05-17 15:34:59] xcloner_api.INFO: Processing ajax request ID _ik4dd5gn3 [] []
[2018-05-17 15:34:59] xcloner_database.INFO: Dumping the structure for information_schema.PLUGINS table [""] []
[2018-05-17 15:34:59] xcloner_database.INFO: Dumping 44 records starting position 0 from information_schema.PLUGINS table [""] []
[2018-05-17 15:35:00] xcloner_api.INFO: Processing ajax request ID _xqgbn7y7r [] []
[2018-05-17 15:35:00] xcloner_database.INFO: Dumping the structure for information_schema.PROCESSLIST table [""] []
[2018-05-17 15:35:00] xcloner_database.INFO: Dumping 2 records starting position 0 from information_schema.PROCESSLIST table [""] []
[2018-05-17 15:35:01] xcloner_api.INFO: Processing ajax request ID _xdmey7w7y [] []
[2018-05-17 15:35:01] xcloner_database.INFO: Dumping the structure for information_schema.PROFILING table [""] []
[2018-05-17 15:35:01] xcloner_database.INFO: Dumping 0 records starting position 0 from information_schema.PROFILING table [""] []
[2018-05-17 15:35:02] xcloner_api.INFO: Processing ajax request ID _9l9ay2xok [] []
[2018-05-17 15:35:02] xcloner_database.INFO: Dumping the structure for information_schema.REFERENTIAL_CONSTRAINTS table [""] []
[2018-05-17 15:35:02] xcloner_database.INFO: Dumping 0 records starting position 0 from information_schema.REFERENTIAL_CONSTRAINTS table [""] []
[2018-05-17 15:35:02] xcloner_api.INFO: Processing ajax request ID _0cwaxuk7f [] []
[2018-05-17 15:35:03] xcloner_database.INFO: Dumping the structure for information_schema.ROUTINES table [""] []
[2018-05-17 15:35:03] xcloner_database.INFO: Dumping 0 records starting position 0 from information_schema.ROUTINES table [""] []
[2018-05-17 15:35:03] xcloner_api.INFO: Processing ajax request ID _qy2tdzgau [] []
[2018-05-17 15:35:04] xcloner_database.INFO: Dumping the structure for information_schema.SCHEMATA table [""] []
[2018-05-17 15:35:04] xcloner_database.INFO: Dumping 2 records starting position 0 from information_schema.SCHEMATA table [""] []
[2018-05-17 15:35:04] xcloner_api.INFO: Processing ajax request ID _zjtymb7tw [] []
[2018-05-17 15:35:04] xcloner_database.INFO: Dumping the structure for information_schema.SCHEMA_PRIVILEGES table [""] []
[2018-05-17 15:35:04] xcloner_database.INFO: Dumping 18 records starting position 0 from information_schema.SCHEMA_PRIVILEGES table [""] []
[2018-05-17 15:35:05] xcloner_api.INFO: Processing ajax request ID _tvc2bjphx [] []
[2018-05-17 15:35:05] xcloner_database.INFO: Dumping the structure for information_schema.SESSION_STATUS table [""] []
[2018-05-17 15:35:05] xcloner_database.INFO: Dumping 0 records starting position 0 from information_schema.SESSION_STATUS table [""] []
[2018-05-17 15:35:06] xcloner_api.INFO: Processing ajax request ID _pf18ac5st [] []
[2018-05-17 15:35:06] xcloner_database.INFO: Dumping the structure for information_schema.SESSION_VARIABLES table [""] []
[2018-05-17 15:35:06] xcloner_database.INFO: Dumping 0 records starting position 0 from information_schema.SESSION_VARIABLES table [""] []
[2018-05-17 15:35:07] xcloner_api.INFO: Processing ajax request ID _n241cewgu [] []
[2018-05-17 15:35:07] xcloner_database.INFO: Dumping the structure for information_schema.STATISTICS table [""] []
[2018-05-17 15:35:07] xcloner_database.INFO: Dumping 74 records starting position 0 from information_schema.STATISTICS table [""] []
[2018-05-17 15:35:08] xcloner_api.INFO: Processing ajax request ID _p0mrmmfw9 [] []
[2018-05-17 15:35:08] xcloner_database.INFO: Dumping the structure for information_schema.TABLES table [""] []
[2018-05-17 15:35:08] xcloner_database.INFO: Dumping 85 records starting position 0 from information_schema.TABLES table [""] []
[2018-05-17 15:35:08] xcloner_api.INFO: Processing ajax request ID _9iecbwtx1 [] []
[2018-05-17 15:35:09] xcloner_database.INFO: Dumping the structure for information_schema.TABLESPACES table [""] []
[2018-05-17 15:35:09] xcloner_database.INFO: Dumping 0 records starting position 0 from information_schema.TABLESPACES table [""] []
[2018-05-17 15:35:09] xcloner_api.INFO: Processing ajax request ID _iez6wonfy [] []
[2018-05-17 15:35:10] xcloner_database.INFO: Dumping the structure for information_schema.TABLE_CONSTRAINTS table [""] []
[2018-05-17 15:35:10] xcloner_database.INFO: Dumping 28 records starting position 0 from information_schema.TABLE_CONSTRAINTS table [""] []
[2018-05-17 15:35:10] xcloner_api.INFO: Processing ajax request ID _lak5192wk [] []
[2018-05-17 15:35:10] xcloner_database.INFO: Dumping the structure for information_schema.TABLE_PRIVILEGES table [""] []
[2018-05-17 15:35:10] xcloner_database.INFO: Dumping 0 records starting position 0 from information_schema.TABLE_PRIVILEGES table [""] []
[2018-05-17 15:35:11] xcloner_api.INFO: Processing ajax request ID _u1neixtd1 [] []
[2018-05-17 15:35:11] xcloner_database.INFO: Dumping the structure for information_schema.TRIGGERS table [""] []
[2018-05-17 15:35:11] xcloner_database.INFO: Dumping 0 records starting position 0 from information_schema.TRIGGERS table [""] []
[2018-05-17 15:35:12] xcloner_api.INFO: Processing ajax request ID _j3szfvk8s [] []
[2018-05-17 15:35:12] xcloner_database.INFO: Dumping the structure for information_schema.USER_PRIVILEGES table [""] []
[2018-05-17 15:35:12] xcloner_database.INFO: Dumping 1 records starting position 0 from information_schema.USER_PRIVILEGES table [""] []
[2018-05-17 15:35:13] xcloner_api.INFO: Processing ajax request ID _kjjtuihky [] []
[2018-05-17 15:35:13] xcloner_database.INFO: Dumping the structure for information_schema.VIEWS table [""] []
[2018-05-17 15:35:13] xcloner_database.INFO: Dumping 0 records starting position 0 from information_schema.VIEWS table [""] []
[2018-05-17 15:35:14] xcloner_api.INFO: Processing ajax request ID _ff5t61qq0 [] []
[2018-05-17 15:35:14] xcloner_database.INFO: Dumping the structure for information_schema.INNODB_LOCKS table [""] []
[2018-05-17 15:35:14] xcloner_database.INFO: Dumping 0 records starting position 0 from information_schema.INNODB_LOCKS table [""] []
[2018-05-17 15:35:15] xcloner_api.INFO: Processing ajax request ID _98b49z8qo [] []
[2018-05-17 15:35:15] xcloner_database.INFO: Dumping the structure for information_schema.INNODB_TRX table [""] []
[2018-05-17 15:35:15] xcloner_database.INFO: Dumping 0 records starting position 0 from information_schema.INNODB_TRX table [""] []
[2018-05-17 15:35:16] xcloner_api.INFO: Processing ajax request ID _uh4rplr2u [] []
[2018-05-17 15:35:16] xcloner_database.INFO: Dumping the structure for information_schema.INNODB_SYS_DATAFILES table [""] []
[2018-05-17 15:35:16] xcloner_database.INFO: Dumping 0 records starting position 0 from information_schema.INNODB_SYS_DATAFILES table [""] []
[2018-05-17 15:35:16] xcloner_api.INFO: Processing ajax request ID _iwsxxjh5l [] []
[2018-05-17 15:35:17] xcloner_database.INFO: Dumping the structure for information_schema.INNODB_FT_CONFIG table [""] []
[2018-05-17 15:35:17] xcloner_database.INFO: Dumping 0 records starting position 0 from information_schema.INNODB_FT_CONFIG table [""] []
[2018-05-17 15:35:17] xcloner_api.INFO: Processing ajax request ID _40m5i0wno [] []
[2018-05-17 15:35:18] xcloner_database.INFO: Dumping the structure for information_schema.INNODB_SYS_VIRTUAL table [""] []
[2018-05-17 15:35:18] xcloner_database.INFO: Dumping 0 records starting position 0 from information_schema.INNODB_SYS_VIRTUAL table [""] []
[2018-05-17 15:35:18] xcloner_api.INFO: Processing ajax request ID _q3v7ra5sk [] []
[2018-05-17 15:35:18] xcloner_database.INFO: Dumping the structure for information_schema.INNODB_CMP table [""] []
[2018-05-17 15:35:18] xcloner_database.INFO: Dumping 0 records starting position 0 from information_schema.INNODB_CMP table [""] []
[2018-05-17 15:35:19] xcloner_api.INFO: Processing ajax request ID _qt47x37xy [] []
[2018-05-17 15:35:19] xcloner_database.INFO: Dumping the structure for information_schema.INNODB_FT_BEING_DELETED table [""] []
[2018-05-17 15:35:19] xcloner_database.INFO: Dumping 0 records starting position 0 from information_schema.INNODB_FT_BEING_DELETED table [""] []
[2018-05-17 15:35:20] xcloner_api.INFO: Processing ajax request ID _ngemrpheo [] []
[2018-05-17 15:35:20] xcloner_database.INFO: Dumping the structure for information_schema.INNODB_CMP_RESET table [""] []
[2018-05-17 15:35:20] xcloner_database.INFO: Dumping 0 records starting position 0 from information_schema.INNODB_CMP_RESET table [""] []
[2018-05-17 15:35:21] xcloner_api.INFO: Processing ajax request ID _sbcf6h3jm [] []
[2018-05-17 15:35:21] xcloner_database.INFO: Dumping the structure for information_schema.INNODB_CMP_PER_INDEX table [""] []
[2018-05-17 15:35:21] xcloner_database.INFO: Dumping 0 records starting position 0 from information_schema.INNODB_CMP_PER_INDEX table [""] []
[2018-05-17 15:35:22] xcloner_api.INFO: Processing ajax request ID _fc6p6jdy3 [] []
[2018-05-17 15:35:22] xcloner_database.INFO: Dumping the structure for information_schema.INNODB_CMPMEM_RESET table [""] []
[2018-05-17 15:35:22] xcloner_database.INFO: Dumping 0 records starting position 0 from information_schema.INNODB_CMPMEM_RESET table [""] []
[2018-05-17 15:35:22] xcloner_api.INFO: Processing ajax request ID _19d5ods1i [] []
[2018-05-17 15:35:23] xcloner_database.INFO: Dumping the structure for information_schema.INNODB_FT_DELETED table [""] []
[2018-05-17 15:35:23] xcloner_database.INFO: Dumping 0 records starting position 0 from information_schema.INNODB_FT_DELETED table [""] []
[2018-05-17 15:35:23] xcloner_api.INFO: Processing ajax request ID _g95je3rth [] []
[2018-05-17 15:35:24] xcloner_database.INFO: Dumping the structure for information_schema.INNODB_BUFFER_PAGE_LRU table [""] []
[2018-05-17 15:35:24] xcloner_database.INFO: Dumping 0 records starting position 0 from information_schema.INNODB_BUFFER_PAGE_LRU table [""] []
[2018-05-17 15:35:24] xcloner_api.INFO: Processing ajax request ID _s04sw8be8 [] []
[2018-05-17 15:35:24] xcloner_database.INFO: Dumping the structure for information_schema.INNODB_LOCK_WAITS table [""] []
[2018-05-17 15:35:24] xcloner_database.INFO: Dumping 0 records starting position 0 from information_schema.INNODB_LOCK_WAITS table [""] []
[2018-05-17 15:35:25] xcloner_api.INFO: Processing ajax request ID _6e3jvca8g [] []
[2018-05-17 15:35:25] xcloner_database.INFO: Dumping the structure for information_schema.INNODB_TEMP_TABLE_INFO table [""] []
[2018-05-17 15:35:25] xcloner_database.INFO: Dumping 0 records starting position 0 from information_schema.INNODB_TEMP_TABLE_INFO table [""] []
[2018-05-17 15:35:26] xcloner_api.INFO: Processing ajax request ID _engoen9zw [] []
[2018-05-17 15:35:26] xcloner_database.INFO: Dumping the structure for information_schema.INNODB_SYS_INDEXES table [""] []
[2018-05-17 15:35:26] xcloner_database.INFO: Dumping 0 records starting position 0 from information_schema.INNODB_SYS_INDEXES table [""] []
[2018-05-17 15:35:27] xcloner_api.INFO: Processing ajax request ID _tkkwzwj3q [] []
[2018-05-17 15:35:27] xcloner_database.INFO: Dumping the structure for information_schema.INNODB_SYS_TABLES table [""] []
[2018-05-17 15:35:27] xcloner_database.INFO: Dumping 0 records starting position 0 from information_schema.INNODB_SYS_TABLES table [""] []
[2018-05-17 15:35:27] xcloner_api.INFO: Processing ajax request ID _422ad5vts [] []
[2018-05-17 15:35:29] xcloner_database.INFO: Dumping the structure for information_schema.INNODB_SYS_FIELDS table [""] []
[2018-05-17 15:35:29] xcloner_database.INFO: Dumping 0 records starting position 0 from information_schema.INNODB_SYS_FIELDS table [""] []
[2018-05-17 15:35:30] xcloner_api.INFO: Processing ajax request ID _o7lzxrdzt [] []
[2018-05-17 15:35:30] xcloner_database.INFO: Dumping the structure for information_schema.INNODB_CMP_PER_INDEX_RESET table [""] []
[2018-05-17 15:35:30] xcloner_database.INFO: Dumping 0 records starting position 0 from information_schema.INNODB_CMP_PER_INDEX_RESET table [""] []
[2018-05-17 15:35:31] xcloner_api.INFO: Processing ajax request ID _qo69k1t2q [] []
[2018-05-17 15:35:31] xcloner_database.INFO: Dumping the structure for information_schema.INNODB_BUFFER_PAGE table [""] []
[2018-05-17 15:35:31] xcloner_database.INFO: Dumping 0 records starting position 0 from information_schema.INNODB_BUFFER_PAGE table [""] []
[2018-05-17 15:35:31] xcloner_api.INFO: Processing ajax request ID _ph24v2nsh [] []
[2018-05-17 15:35:32] xcloner_database.INFO: Dumping the structure for information_schema.INNODB_FT_DEFAULT_STOPWORD table [""] []
[2018-05-17 15:35:32] xcloner_database.INFO: Dumping 36 records starting position 0 from information_schema.INNODB_FT_DEFAULT_STOPWORD table [""] []
[2018-05-17 15:35:32] xcloner_api.INFO: Processing ajax request ID _06zvu2p4e [] []
[2018-05-17 15:35:33] xcloner_database.INFO: Dumping the structure for information_schema.INNODB_FT_INDEX_TABLE table [""] []
[2018-05-17 15:35:33] xcloner_database.INFO: Dumping 0 records starting position 0 from information_schema.INNODB_FT_INDEX_TABLE table [""] []
[2018-05-17 15:35:33] xcloner_api.INFO: Processing ajax request ID _ylc4tcl7p [] []
[2018-05-17 15:35:33] xcloner_database.INFO: Dumping the structure for information_schema.INNODB_FT_INDEX_CACHE table [""] []
[2018-05-17 15:35:33] xcloner_database.INFO: Dumping 0 records starting position 0 from information_schema.INNODB_FT_INDEX_CACHE table [""] []
[2018-05-17 15:35:34] xcloner_api.INFO: Processing ajax request ID _cfwwgxloy [] []
[2018-05-17 15:35:34] xcloner_database.INFO: Dumping the structure for information_schema.INNODB_SYS_TABLESPACES table [""] []
[2018-05-17 15:35:34] xcloner_database.INFO: Dumping 0 records starting position 0 from information_schema.INNODB_SYS_TABLESPACES table [""] []
[2018-05-17 15:35:35] xcloner_api.INFO: Processing ajax request ID _nx0q4ohrn [] []
[2018-05-17 15:35:35] xcloner_database.INFO: Dumping the structure for information_schema.INNODB_METRICS table [""] []
[2018-05-17 15:35:35] xcloner_database.INFO: Dumping 0 records starting position 0 from information_schema.INNODB_METRICS table [""] []
[2018-05-17 15:35:35] xcloner_api.INFO: Processing ajax request ID _lpjy30ty6 [] []
[2018-05-17 15:35:36] xcloner_database.INFO: Dumping the structure for information_schema.INNODB_SYS_FOREIGN_COLS table [""] []
[2018-05-17 15:35:36] xcloner_database.INFO: Dumping 0 records starting position 0 from information_schema.INNODB_SYS_FOREIGN_COLS table [""] []
[2018-05-17 15:35:36] xcloner_api.INFO: Processing ajax request ID _cruhrrpue [] []
[2018-05-17 15:35:37] xcloner_database.INFO: Dumping the structure for information_schema.INNODB_CMPMEM table [""] []
[2018-05-17 15:35:37] xcloner_database.INFO: Dumping 0 records starting position 0 from information_schema.INNODB_CMPMEM table [""] []
[2018-05-17 15:35:37] xcloner_api.INFO: Processing ajax request ID _psn4zhbwm [] []
[2018-05-17 15:35:37] xcloner_database.INFO: Dumping the structure for information_schema.INNODB_BUFFER_POOL_STATS table [""] []
[2018-05-17 15:35:37] xcloner_database.INFO: Dumping 0 records starting position 0 from information_schema.INNODB_BUFFER_POOL_STATS table [""] []
[2018-05-17 15:35:38] xcloner_api.INFO: Processing ajax request ID _6364wj53x [] []
[2018-05-17 15:35:38] xcloner_database.INFO: Dumping the structure for information_schema.INNODB_SYS_COLUMNS table [""] []
[2018-05-17 15:35:38] xcloner_database.INFO: Dumping 0 records starting position 0 from information_schema.INNODB_SYS_COLUMNS table [""] []
[2018-05-17 15:35:39] xcloner_api.INFO: Processing ajax request ID _svbf9un59 [] []
[2018-05-17 15:35:39] xcloner_database.INFO: Dumping the structure for information_schema.INNODB_SYS_FOREIGN table [""] []
[2018-05-17 15:35:39] xcloner_database.INFO: Dumping 0 records starting position 0 from information_schema.INNODB_SYS_FOREIGN table [""] []
[2018-05-17 15:35:40] xcloner_api.INFO: Processing ajax request ID _kp2sqn1hc [] []
[2018-05-17 15:35:40] xcloner_database.INFO: Dumping the structure for information_schema.INNODB_SYS_TABLESTATS table [""] []
[2018-05-17 15:35:40] xcloner_database.INFO: Dumping 0 records starting position 0 from information_schema.INNODB_SYS_TABLESTATS table [""] []
[2018-05-17 15:35:40] xcloner_api.INFO: Processing ajax request ID _f3sik3ou8 [] []
[2018-05-17 15:35:41] xcloner_api.INFO: Processing ajax request ID _35e1hvnb0 [] []
[2018-05-17 15:35:41] xcloner_archive.INFO: Initializing the backup archive backup_cmsrunners.atwebpages.com-2018-05-17_15-35-sql [] []
[2018-05-17 15:35:41] xcloner_archive.INFO: Adding 0 bytes of file xcloner-c4543/index.html to archive backup_cmsrunners.atwebpages.com-2018-05-17_15-35-sql-c4543.tar  [] []
[2018-05-17 15:35:41] xcloner_archive.INFO: Adding 400 bytes of file xcloner-c4543/backup_files.csv to archive backup_cmsrunners.atwebpages.com-2018-05-17_15-35-sql-c4543.tar  [] []
[2018-05-17 15:35:41] xcloner_archive.INFO: Adding 39995 bytes of file xcloner-c4543/xcloner-c4543.log to archive backup_cmsrunners.atwebpages.com-2018-05-17_15-35-sql-c4543.tar  [] []
[2018-05-17 15:35:41] xcloner_archive.INFO: Adding 1111391 bytes of file xcloner-c4543/database-backup.sql to archive backup_cmsrunners.atwebpages.com-2018-05-17_15-35-sql-c4543.tar  [] []
[2018-05-17 15:35:41] xcloner_archive.INFO: Adding 10268930 bytes of file xcloner-c4543/information_schema-backup.sql to archive backup_cmsrunners.atwebpages.com-2018-05-17_15-35-sql-c4543.tar  [] []
[2018-05-17 15:35:42] xcloner_archive.INFO: Closing the backup archive backup_cmsrunners.atwebpages.com-2018-05-17_15-35-sql-c4543.tar with 2*512 zero bytes blocks. [] []
[2018-05-17 15:35:42] xcloner_archive.INFO: Sending backup notification to CMSRunners@gmail.com [] []
[2018-05-17 15:35:50] php_system.INFO: E_NOTICE: array (   'type' => 8,   'message' => 'ob_end_clean(): failed to delete buffer. No buffer to delete',   'file' => '/srv/disk2/2716219/www/cmsrunners.atwebpages.com/wp-content/plugins/xcloner-backup-and-restore/includes/class-xcloner-api.php',   'line' => 965, ) [] []
[2018-05-17 15:47:50] php_system.INFO: E_NOTICE: array (   'type' => 8,   'message' => 'Undefined index: HTTPS',   'file' => '/srv/disk2/2716219/www/cmsrunners.atwebpages.com/wp-content/plugins/secure-wordpress/res/inc/SwpaLiveTraffic.php',   'line' => 128, ) [] []
[2018-05-17 19:48:31] php_system.INFO: E_NOTICE: array (   'type' => 8,   'message' => 'Undefined index: HTTPS',   'file' => '/srv/disk2/2716219/www/cmsrunners.atwebpages.com/wp-content/plugins/secure-wordpress/res/inc/SwpaLiveTraffic.php',   'line' => 128, ) [] []
[2018-05-17 19:59:17] php_system.INFO: E_NOTICE: array (   'type' => 8,   'message' => 'Undefined index: HTTPS',   'file' => '/srv/disk2/2716219/www/cmsrunners.atwebpages.com/wp-content/plugins/secure-wordpress/res/inc/SwpaLiveTraffic.php',   'line' => 128, ) [] []
[2018-05-17 20:05:35] php_system.INFO: E_NOTICE: array (   'type' => 8,   'message' => 'Undefined index: video_desc',   'file' => '/srv/disk2/2716219/www/cmsrunners.atwebpages.com/wp-content/themes/journalcrunch theme/admin/inc/widgets.php',   'line' => 210, ) [] []
[2018-05-17 20:08:07] php_system.INFO: E_NOTICE: array (   'type' => 8,   'message' => 'Undefined index: HTTPS',   'file' => '/srv/disk2/2716219/www/cmsrunners.atwebpages.com/wp-content/plugins/secure-wordpress/res/inc/SwpaLiveTraffic.php',   'line' => 128, ) [] []
