[2018-05-16 14:03:43] xcloner_file_system.INFO: Cleaning the backup storage on matching rules [] []
[2018-05-16 14:05:33] php_system.INFO: E_NOTICE: array (   'type' => 8,   'message' => 'Undefined index: HTTPS',   'file' => '/srv/disk2/2716219/www/cmsrunners.atwebpages.com/wp-content/plugins/secure-wordpress/res/inc/SwpaLiveTraffic.php',   'line' => 128, ) [] []
[2018-05-16 14:11:34] php_system.INFO: E_NOTICE: array (   'type' => 8,   'message' => 'Undefined index: HTTPS',   'file' => '/srv/disk2/2716219/www/cmsrunners.atwebpages.com/wp-content/plugins/secure-wordpress/res/inc/SwpaLiveTraffic.php',   'line' => 128, ) [] []
[2018-05-16 14:11:34] xcloner_file_system.INFO: Cleaning the backup storage on matching rules [] []
[2018-05-16 14:12:14] xcloner_api.INFO: Processing ajax request ID _9xx6vosts [] []
[2018-05-16 14:12:15] xcloner_file_system.INFO: Starting the filesystem scanner on root folder /srv/disk2/2716219/www/cmsrunners.atwebpages.com [] []
[2018-05-16 14:12:15] xcloner_file_system.INFO: Excluding .htaccess from the filesystem list, matching pattern / ["FILESYSTEM SCAN","EXCLUDE"] []
[2018-05-16 14:12:15] xcloner_file_system.INFO: Excluding index.php from the filesystem list, matching pattern / ["FILESYSTEM SCAN","EXCLUDE"] []
[2018-05-16 14:12:15] xcloner_file_system.INFO: Excluding license.txt from the filesystem list, matching pattern / ["FILESYSTEM SCAN","EXCLUDE"] []
[2018-05-16 14:12:15] xcloner_file_system.INFO: Excluding meta from the filesystem list, matching pattern / ["FILESYSTEM SCAN","EXCLUDE"] []
[2018-05-16 14:12:15] xcloner_file_system.INFO: Excluding readme.html from the filesystem list, matching pattern / ["FILESYSTEM SCAN","EXCLUDE"] []
[2018-05-16 14:12:15] xcloner_file_system.INFO: Excluding wp-activate.php from the filesystem list, matching pattern / ["FILESYSTEM SCAN","EXCLUDE"] []
[2018-05-16 14:12:15] xcloner_file_system.INFO: Excluding wp-admin from the filesystem list, matching pattern / ["FILESYSTEM SCAN","EXCLUDE"] []
[2018-05-16 14:12:15] xcloner_file_system.INFO: Excluding wp-blog-header.php from the filesystem list, matching pattern / ["FILESYSTEM SCAN","EXCLUDE"] []
[2018-05-16 14:12:15] xcloner_file_system.INFO: Excluding wp-comments-post.php from the filesystem list, matching pattern / ["FILESYSTEM SCAN","EXCLUDE"] []
[2018-05-16 14:12:15] xcloner_file_system.INFO: Excluding wp-config-sample.php from the filesystem list, matching pattern / ["FILESYSTEM SCAN","EXCLUDE"] []
[2018-05-16 14:12:15] xcloner_file_system.INFO: Excluding wp-config.php from the filesystem list, matching pattern / ["FILESYSTEM SCAN","EXCLUDE"] []
[2018-05-16 14:12:15] xcloner_file_system.INFO: Excluding wp-content from the filesystem list, matching pattern / ["FILESYSTEM SCAN","EXCLUDE"] []
[2018-05-16 14:12:15] xcloner_file_system.INFO: Excluding wp-cron.php from the filesystem list, matching pattern / ["FILESYSTEM SCAN","EXCLUDE"] []
[2018-05-16 14:12:15] xcloner_file_system.INFO: Excluding wp-includes from the filesystem list, matching pattern / ["FILESYSTEM SCAN","EXCLUDE"] []
[2018-05-16 14:12:15] xcloner_file_system.INFO: Excluding wp-links-opml.php from the filesystem list, matching pattern / ["FILESYSTEM SCAN","EXCLUDE"] []
[2018-05-16 14:12:15] xcloner_file_system.INFO: Excluding wp-load.php from the filesystem list, matching pattern / ["FILESYSTEM SCAN","EXCLUDE"] []
[2018-05-16 14:12:15] xcloner_file_system.INFO: Excluding wp-login.php from the filesystem list, matching pattern / ["FILESYSTEM SCAN","EXCLUDE"] []
[2018-05-16 14:12:15] xcloner_file_system.INFO: Excluding wp-mail.php from the filesystem list, matching pattern / ["FILESYSTEM SCAN","EXCLUDE"] []
[2018-05-16 14:12:15] xcloner_file_system.INFO: Excluding wp-settings.php from the filesystem list, matching pattern / ["FILESYSTEM SCAN","EXCLUDE"] []
[2018-05-16 14:12:15] xcloner_file_system.INFO: Excluding wp-signup.php from the filesystem list, matching pattern / ["FILESYSTEM SCAN","EXCLUDE"] []
[2018-05-16 14:12:15] xcloner_file_system.INFO: Excluding wp-trackback.php from the filesystem list, matching pattern / ["FILESYSTEM SCAN","EXCLUDE"] []
[2018-05-16 14:12:15] xcloner_file_system.INFO: Excluding xmlrpc.php from the filesystem list, matching pattern / ["FILESYSTEM SCAN","EXCLUDE"] []
[2018-05-16 14:12:15] xcloner_file_system.INFO: Excluding zacky-installer.datarecord.php from the filesystem list, matching pattern / ["FILESYSTEM SCAN","EXCLUDE"] []
[2018-05-16 14:12:15] xcloner_api.INFO: Processing ajax request ID _8s8qumevw [] []
[2018-05-16 14:12:15] xcloner_database.INFO: Preparing the database recursion file [""] []
[2018-05-16 14:12:16] xcloner_api.INFO: Processing ajax request ID _oysbbw2tq [] []
[2018-05-16 14:12:16] xcloner_database.INFO: Starting new backup dump to file database-backup.sql [""] []
[2018-05-16 14:12:16] xcloner_database.INFO: Writing 2716219_wpress827f5151 database dump headers [""] []
[2018-05-16 14:12:16] xcloner_database.INFO: Dumping the structure for 2716219_wpress827f5151.wp__wsd_plugin_alerts table [""] []
[2018-05-16 14:12:16] xcloner_database.INFO: Dumping 22 records starting position 0 from 2716219_wpress827f5151.wp__wsd_plugin_alerts table [""] []
[2018-05-16 14:12:17] xcloner_api.INFO: Processing ajax request ID _umj2y49vy [] []
[2018-05-16 14:12:17] xcloner_database.INFO: Dumping the structure for 2716219_wpress827f5151.wp__wsd_plugin_live_traffic table [""] []
[2018-05-16 14:12:17] xcloner_database.INFO: Dumping 500 records starting position 0 from 2716219_wpress827f5151.wp__wsd_plugin_live_traffic table [""] []
[2018-05-16 14:12:18] xcloner_api.INFO: Processing ajax request ID _oj0vb28l8 [] []
[2018-05-16 14:12:18] xcloner_database.INFO: Dumping the structure for 2716219_wpress827f5151.wp_blc_filters table [""] []
[2018-05-16 14:12:18] xcloner_database.INFO: Dumping 0 records starting position 0 from 2716219_wpress827f5151.wp_blc_filters table [""] []
[2018-05-16 14:12:18] xcloner_api.INFO: Processing ajax request ID _xc2ls0alb [] []
[2018-05-16 14:12:19] xcloner_database.INFO: Dumping the structure for 2716219_wpress827f5151.wp_blc_instances table [""] []
[2018-05-16 14:12:19] xcloner_database.INFO: Dumping 12 records starting position 0 from 2716219_wpress827f5151.wp_blc_instances table [""] []
[2018-05-16 14:12:19] xcloner_api.INFO: Processing ajax request ID _z1f2paom6 [] []
[2018-05-16 14:12:19] xcloner_database.INFO: Dumping the structure for 2716219_wpress827f5151.wp_blc_links table [""] []
[2018-05-16 14:12:19] xcloner_database.INFO: Dumping 11 records starting position 0 from 2716219_wpress827f5151.wp_blc_links table [""] []
[2018-05-16 14:12:20] xcloner_api.INFO: Processing ajax request ID _rl0iw17vw [] []
[2018-05-16 14:12:20] xcloner_database.INFO: Dumping the structure for 2716219_wpress827f5151.wp_blc_synch table [""] []
[2018-05-16 14:12:20] xcloner_database.INFO: Dumping 32 records starting position 0 from 2716219_wpress827f5151.wp_blc_synch table [""] []
[2018-05-16 14:12:21] xcloner_api.INFO: Processing ajax request ID _lfdguhwdg [] []
[2018-05-16 14:12:21] xcloner_database.INFO: Dumping the structure for 2716219_wpress827f5151.wp_commentmeta table [""] []
[2018-05-16 14:12:21] xcloner_database.INFO: Dumping 0 records starting position 0 from 2716219_wpress827f5151.wp_commentmeta table [""] []
[2018-05-16 14:12:22] xcloner_api.INFO: Processing ajax request ID _klq8git8d [] []
[2018-05-16 14:12:22] xcloner_database.INFO: Dumping the structure for 2716219_wpress827f5151.wp_comments table [""] []
[2018-05-16 14:12:22] xcloner_database.INFO: Dumping 1 records starting position 0 from 2716219_wpress827f5151.wp_comments table [""] []
[2018-05-16 14:12:22] xcloner_api.INFO: Processing ajax request ID _7dkny5fta [] []
[2018-05-16 14:12:23] xcloner_database.INFO: Dumping the structure for 2716219_wpress827f5151.wp_evf_entries table [""] []
[2018-05-16 14:12:23] xcloner_database.INFO: Dumping 1 records starting position 0 from 2716219_wpress827f5151.wp_evf_entries table [""] []
[2018-05-16 14:12:23] xcloner_api.INFO: Processing ajax request ID _0buz5wnre [] []
[2018-05-16 14:12:23] xcloner_database.INFO: Dumping the structure for 2716219_wpress827f5151.wp_evf_entrymeta table [""] []
[2018-05-16 14:12:23] xcloner_database.INFO: Dumping 4 records starting position 0 from 2716219_wpress827f5151.wp_evf_entrymeta table [""] []
[2018-05-16 14:12:24] xcloner_api.INFO: Processing ajax request ID _f1t08wu0q [] []
[2018-05-16 14:12:24] xcloner_database.INFO: Dumping the structure for 2716219_wpress827f5151.wp_evf_sessions table [""] []
[2018-05-16 14:12:24] xcloner_database.INFO: Dumping 1 records starting position 0 from 2716219_wpress827f5151.wp_evf_sessions table [""] []
[2018-05-16 14:12:25] xcloner_api.INFO: Processing ajax request ID _zwg0pd1os [] []
[2018-05-16 14:12:25] xcloner_database.INFO: Dumping the structure for 2716219_wpress827f5151.wp_links table [""] []
[2018-05-16 14:12:25] xcloner_database.INFO: Dumping 0 records starting position 0 from 2716219_wpress827f5151.wp_links table [""] []
[2018-05-16 14:12:26] xcloner_api.INFO: Processing ajax request ID _ovd2y5huh [] []
[2018-05-16 14:12:26] xcloner_database.INFO: Dumping the structure for 2716219_wpress827f5151.wp_options table [""] []
[2018-05-16 14:12:26] xcloner_database.INFO: Dumping 310 records starting position 0 from 2716219_wpress827f5151.wp_options table [""] []
[2018-05-16 14:12:26] xcloner_api.INFO: Processing ajax request ID _ms9ejaz0q [] []
[2018-05-16 14:12:27] xcloner_database.INFO: Dumping the structure for 2716219_wpress827f5151.wp_postmeta table [""] []
[2018-05-16 14:12:27] xcloner_database.INFO: Dumping 436 records starting position 0 from 2716219_wpress827f5151.wp_postmeta table [""] []
[2018-05-16 14:12:27] xcloner_api.INFO: Processing ajax request ID _75qfhl88i [] []
[2018-05-16 14:12:27] xcloner_database.INFO: Dumping the structure for 2716219_wpress827f5151.wp_posts table [""] []
[2018-05-16 14:12:28] xcloner_database.INFO: Dumping 138 records starting position 0 from 2716219_wpress827f5151.wp_posts table [""] []
[2018-05-16 14:12:28] xcloner_api.INFO: Processing ajax request ID _kwcsk3hcx [] []
[2018-05-16 14:12:28] xcloner_database.INFO: Dumping the structure for 2716219_wpress827f5151.wp_term_relationships table [""] []
[2018-05-16 14:12:28] xcloner_database.INFO: Dumping 49 records starting position 0 from 2716219_wpress827f5151.wp_term_relationships table [""] []
[2018-05-16 14:12:29] xcloner_api.INFO: Processing ajax request ID _a9uridq53 [] []
[2018-05-16 14:12:29] xcloner_database.INFO: Dumping the structure for 2716219_wpress827f5151.wp_term_taxonomy table [""] []
[2018-05-16 14:12:29] xcloner_database.INFO: Dumping 29 records starting position 0 from 2716219_wpress827f5151.wp_term_taxonomy table [""] []
[2018-05-16 14:12:30] xcloner_api.INFO: Processing ajax request ID _x4vwxolg6 [] []
[2018-05-16 14:12:30] xcloner_database.INFO: Dumping the structure for 2716219_wpress827f5151.wp_termmeta table [""] []
[2018-05-16 14:12:30] xcloner_database.INFO: Dumping 0 records starting position 0 from 2716219_wpress827f5151.wp_termmeta table [""] []
[2018-05-16 14:12:30] xcloner_api.INFO: Processing ajax request ID _01jnzj45z [] []
[2018-05-16 14:12:31] xcloner_database.INFO: Dumping the structure for 2716219_wpress827f5151.wp_terms table [""] []
[2018-05-16 14:12:31] xcloner_database.INFO: Dumping 29 records starting position 0 from 2716219_wpress827f5151.wp_terms table [""] []
[2018-05-16 14:12:31] xcloner_api.INFO: Processing ajax request ID _9qkzmf01u [] []
[2018-05-16 14:12:31] xcloner_database.INFO: Dumping the structure for 2716219_wpress827f5151.wp_usermeta table [""] []
[2018-05-16 14:12:31] xcloner_database.INFO: Dumping 25 records starting position 0 from 2716219_wpress827f5151.wp_usermeta table [""] []
[2018-05-16 14:12:32] xcloner_api.INFO: Processing ajax request ID _3iwjj32cy [] []
[2018-05-16 14:12:32] xcloner_database.INFO: Dumping the structure for 2716219_wpress827f5151.wp_users table [""] []
[2018-05-16 14:12:32] xcloner_database.INFO: Dumping 1 records starting position 0 from 2716219_wpress827f5151.wp_users table [""] []
[2018-05-16 14:12:33] xcloner_api.INFO: Processing ajax request ID _cy8hm2otm [] []
[2018-05-16 14:12:33] xcloner_database.INFO: Dumping the structure for 2716219_wpress827f5151.wp_xcloner_scheduler table [""] []
[2018-05-16 14:12:33] xcloner_database.INFO: Dumping 0 records starting position 0 from 2716219_wpress827f5151.wp_xcloner_scheduler table [""] []
[2018-05-16 14:12:33] xcloner_api.INFO: Processing ajax request ID _g6vpdh1y2 [] []
[2018-05-16 14:12:34] xcloner_database.INFO: Dumping the structure for 2716219_wpress827f5151.wp_yoast_seo_links table [""] []
[2018-05-16 14:12:34] xcloner_database.INFO: Dumping 5 records starting position 0 from 2716219_wpress827f5151.wp_yoast_seo_links table [""] []
[2018-05-16 14:12:34] xcloner_api.INFO: Processing ajax request ID _stoan6baf [] []
[2018-05-16 14:12:35] xcloner_database.INFO: Dumping the structure for 2716219_wpress827f5151.wp_yoast_seo_meta table [""] []
[2018-05-16 14:12:35] xcloner_database.INFO: Dumping 53 records starting position 0 from 2716219_wpress827f5151.wp_yoast_seo_meta table [""] []
[2018-05-16 14:12:35] xcloner_api.INFO: Processing ajax request ID _4nk9h3loa [] []
[2018-05-16 14:12:36] xcloner_api.INFO: Processing ajax request ID _m3ax3mh5f [] []
[2018-05-16 14:12:36] xcloner_archive.INFO: Initializing the backup archive backup_cmsrunners.atwebpages.com-2018-05-16_14-12-sql [] []
[2018-05-16 14:12:36] xcloner_archive.INFO: Adding 0 bytes of file xcloner-e2040/index.html to archive backup_cmsrunners.atwebpages.com-2018-05-16_14-12-sql-e2040.tar  [] []
[2018-05-16 14:12:36] xcloner_archive.INFO: Adding 316 bytes of file xcloner-e2040/backup_files.csv to archive backup_cmsrunners.atwebpages.com-2018-05-16_14-12-sql-e2040.tar  [] []
[2018-05-16 14:12:36] xcloner_archive.INFO: Adding 13088 bytes of file xcloner-e2040/xcloner-e2040.log to archive backup_cmsrunners.atwebpages.com-2018-05-16_14-12-sql-e2040.tar  [] []
[2018-05-16 14:12:36] xcloner_archive.INFO: Adding 835415 bytes of file xcloner-e2040/database-backup.sql to archive backup_cmsrunners.atwebpages.com-2018-05-16_14-12-sql-e2040.tar  [] []
[2018-05-16 14:12:36] xcloner_archive.INFO: Closing the backup archive backup_cmsrunners.atwebpages.com-2018-05-16_14-12-sql-e2040.tar with 2*512 zero bytes blocks. [] []
[2018-05-16 14:12:36] xcloner_archive.INFO: Sending backup notification to CMSRunners@gmail.com [] []
[2018-05-16 14:12:48] php_system.INFO: E_NOTICE: array (   'type' => 8,   'message' => 'ob_end_clean(): failed to delete buffer. No buffer to delete',   'file' => '/srv/disk2/2716219/www/cmsrunners.atwebpages.com/wp-content/plugins/xcloner-backup-and-restore/includes/class-xcloner-api.php',   'line' => 965, ) [] []
[2018-05-16 14:13:38] xcloner_api.INFO: Processing ajax request ID _7ol24u4ex [] []
[2018-05-16 14:13:38] xcloner_file_system.INFO: Starting the filesystem scanner on root folder /srv/disk2/2716219/www/cmsrunners.atwebpages.com [] []
[2018-05-16 14:13:38] xcloner_file_system.INFO: Excluding .htaccess from the filesystem list, matching pattern / ["FILESYSTEM SCAN","EXCLUDE"] []
[2018-05-16 14:13:38] xcloner_file_system.INFO: Excluding index.php from the filesystem list, matching pattern / ["FILESYSTEM SCAN","EXCLUDE"] []
[2018-05-16 14:13:38] xcloner_file_system.INFO: Excluding license.txt from the filesystem list, matching pattern / ["FILESYSTEM SCAN","EXCLUDE"] []
[2018-05-16 14:13:38] xcloner_file_system.INFO: Excluding meta from the filesystem list, matching pattern / ["FILESYSTEM SCAN","EXCLUDE"] []
[2018-05-16 14:13:38] xcloner_file_system.INFO: Excluding readme.html from the filesystem list, matching pattern / ["FILESYSTEM SCAN","EXCLUDE"] []
[2018-05-16 14:13:38] xcloner_file_system.INFO: Excluding wp-activate.php from the filesystem list, matching pattern / ["FILESYSTEM SCAN","EXCLUDE"] []
[2018-05-16 14:13:38] xcloner_file_system.INFO: Excluding wp-admin from the filesystem list, matching pattern / ["FILESYSTEM SCAN","EXCLUDE"] []
[2018-05-16 14:13:38] xcloner_file_system.INFO: Excluding wp-blog-header.php from the filesystem list, matching pattern / ["FILESYSTEM SCAN","EXCLUDE"] []
[2018-05-16 14:13:38] xcloner_file_system.INFO: Excluding wp-comments-post.php from the filesystem list, matching pattern / ["FILESYSTEM SCAN","EXCLUDE"] []
[2018-05-16 14:13:38] xcloner_file_system.INFO: Excluding wp-config-sample.php from the filesystem list, matching pattern / ["FILESYSTEM SCAN","EXCLUDE"] []
[2018-05-16 14:13:38] xcloner_file_system.INFO: Excluding wp-config.php from the filesystem list, matching pattern / ["FILESYSTEM SCAN","EXCLUDE"] []
[2018-05-16 14:13:38] xcloner_file_system.INFO: Excluding wp-content from the filesystem list, matching pattern / ["FILESYSTEM SCAN","EXCLUDE"] []
[2018-05-16 14:13:38] xcloner_file_system.INFO: Excluding wp-cron.php from the filesystem list, matching pattern / ["FILESYSTEM SCAN","EXCLUDE"] []
[2018-05-16 14:13:38] xcloner_file_system.INFO: Excluding wp-includes from the filesystem list, matching pattern / ["FILESYSTEM SCAN","EXCLUDE"] []
[2018-05-16 14:13:38] xcloner_file_system.INFO: Excluding wp-links-opml.php from the filesystem list, matching pattern / ["FILESYSTEM SCAN","EXCLUDE"] []
[2018-05-16 14:13:38] xcloner_file_system.INFO: Excluding wp-load.php from the filesystem list, matching pattern / ["FILESYSTEM SCAN","EXCLUDE"] []
[2018-05-16 14:13:38] xcloner_file_system.INFO: Excluding wp-login.php from the filesystem list, matching pattern / ["FILESYSTEM SCAN","EXCLUDE"] []
[2018-05-16 14:13:38] xcloner_file_system.INFO: Excluding wp-mail.php from the filesystem list, matching pattern / ["FILESYSTEM SCAN","EXCLUDE"] []
[2018-05-16 14:13:38] xcloner_file_system.INFO: Excluding wp-settings.php from the filesystem list, matching pattern / ["FILESYSTEM SCAN","EXCLUDE"] []
[2018-05-16 14:13:38] xcloner_file_system.INFO: Excluding wp-signup.php from the filesystem list, matching pattern / ["FILESYSTEM SCAN","EXCLUDE"] []
[2018-05-16 14:13:38] xcloner_file_system.INFO: Excluding wp-trackback.php from the filesystem list, matching pattern / ["FILESYSTEM SCAN","EXCLUDE"] []
[2018-05-16 14:13:38] xcloner_file_system.INFO: Excluding xmlrpc.php from the filesystem list, matching pattern / ["FILESYSTEM SCAN","EXCLUDE"] []
[2018-05-16 14:13:38] xcloner_file_system.INFO: Excluding zacky-installer.datarecord.php from the filesystem list, matching pattern / ["FILESYSTEM SCAN","EXCLUDE"] []
[2018-05-16 14:13:38] xcloner_api.INFO: Processing ajax request ID _nqjevv3x8 [] []
[2018-05-16 14:13:39] xcloner_database.INFO: Preparing the database recursion file [""] []
[2018-05-16 14:13:39] xcloner_database.INFO: Preparing the database recursion file [""] []
[2018-05-16 14:13:39] xcloner_database.ERROR: The 'INFORMATION_SCHEMA.GLOBAL_STATUS' feature is disabled; see the documentation for 'show_compatibility_56' [""] []
[2018-05-16 14:13:39] xcloner_database.ERROR: The 'INFORMATION_SCHEMA.GLOBAL_VARIABLES' feature is disabled; see the documentation for 'show_compatibility_56' [""] []
[2018-05-16 14:13:39] xcloner_database.ERROR: The 'INFORMATION_SCHEMA.SESSION_STATUS' feature is disabled; see the documentation for 'show_compatibility_56' [""] []
[2018-05-16 14:13:39] xcloner_database.ERROR: The 'INFORMATION_SCHEMA.SESSION_VARIABLES' feature is disabled; see the documentation for 'show_compatibility_56' [""] []
[2018-05-16 14:13:40] xcloner_database.ERROR: Access denied; you need (at least one of) the PROCESS privilege(s) for this operation [""] []
[2018-05-16 14:13:40] xcloner_database.ERROR: Access denied; you need (at least one of) the PROCESS privilege(s) for this operation [""] []
[2018-05-16 14:13:40] xcloner_database.ERROR: Access denied; you need (at least one of) the PROCESS privilege(s) for this operation [""] []
[2018-05-16 14:13:40] xcloner_database.ERROR: Access denied; you need (at least one of) the PROCESS privilege(s) for this operation [""] []
[2018-05-16 14:13:40] xcloner_database.ERROR: Access denied; you need (at least one of) the PROCESS privilege(s) for this operation [""] []
[2018-05-16 14:13:40] xcloner_database.ERROR: Access denied; you need (at least one of) the PROCESS privilege(s) for this operation [""] []
[2018-05-16 14:13:40] xcloner_database.ERROR: Access denied; you need (at least one of) the PROCESS privilege(s) for this operation [""] []
[2018-05-16 14:13:40] xcloner_database.ERROR: Access denied; you need (at least one of) the PROCESS privilege(s) for this operation [""] []
[2018-05-16 14:13:40] xcloner_database.ERROR: Access denied; you need (at least one of) the PROCESS privilege(s) for this operation [""] []
[2018-05-16 14:13:40] xcloner_database.ERROR: Access denied; you need (at least one of) the PROCESS privilege(s) for this operation [""] []
[2018-05-16 14:13:40] xcloner_database.ERROR: Access denied; you need (at least one of) the PROCESS privilege(s) for this operation [""] []
[2018-05-16 14:13:40] xcloner_database.ERROR: Access denied; you need (at least one of) the PROCESS privilege(s) for this operation [""] []
[2018-05-16 14:13:40] xcloner_database.ERROR: Access denied; you need (at least one of) the PROCESS privilege(s) for this operation [""] []
[2018-05-16 14:13:40] xcloner_database.ERROR: Access denied; you need (at least one of) the PROCESS privilege(s) for this operation [""] []
[2018-05-16 14:13:40] xcloner_database.ERROR: Access denied; you need (at least one of) the PROCESS privilege(s) for this operation [""] []
[2018-05-16 14:13:40] xcloner_database.ERROR: Access denied; you need (at least one of) the PROCESS privilege(s) for this operation [""] []
[2018-05-16 14:13:40] xcloner_database.ERROR: Access denied; you need (at least one of) the PROCESS privilege(s) for this operation [""] []
[2018-05-16 14:13:40] xcloner_database.ERROR: Access denied; you need (at least one of) the PROCESS privilege(s) for this operation [""] []
[2018-05-16 14:13:40] xcloner_database.ERROR: Access denied; you need (at least one of) the PROCESS privilege(s) for this operation [""] []
[2018-05-16 14:13:40] xcloner_database.ERROR: Access denied; you need (at least one of) the PROCESS privilege(s) for this operation [""] []
[2018-05-16 14:13:40] xcloner_database.ERROR: Access denied; you need (at least one of) the PROCESS privilege(s) for this operation [""] []
[2018-05-16 14:13:40] xcloner_database.ERROR: Access denied; you need (at least one of) the PROCESS privilege(s) for this operation [""] []
[2018-05-16 14:13:40] xcloner_database.ERROR: Access denied; you need (at least one of) the PROCESS privilege(s) for this operation [""] []
[2018-05-16 14:13:40] xcloner_database.ERROR: Access denied; you need (at least one of) the PROCESS privilege(s) for this operation [""] []
[2018-05-16 14:13:40] xcloner_database.ERROR: Access denied; you need (at least one of) the PROCESS privilege(s) for this operation [""] []
[2018-05-16 14:13:40] xcloner_database.ERROR: Access denied; you need (at least one of) the PROCESS privilege(s) for this operation [""] []
[2018-05-16 14:13:40] xcloner_database.ERROR: Access denied; you need (at least one of) the PROCESS privilege(s) for this operation [""] []
[2018-05-16 14:13:40] xcloner_database.ERROR: Access denied; you need (at least one of) the PROCESS privilege(s) for this operation [""] []
[2018-05-16 14:13:40] xcloner_database.ERROR: Access denied; you need (at least one of) the PROCESS privilege(s) for this operation [""] []
[2018-05-16 14:13:40] xcloner_api.INFO: Processing ajax request ID _38ehgl5rs [] []
[2018-05-16 14:13:40] xcloner_database.INFO: Starting new backup dump to file database-backup.sql [""] []
[2018-05-16 14:13:40] xcloner_database.INFO: Writing 2716219_wpress827f5151 database dump headers [""] []
[2018-05-16 14:13:40] xcloner_database.INFO: Dumping the structure for 2716219_wpress827f5151.wp__wsd_plugin_alerts table [""] []
[2018-05-16 14:13:40] xcloner_database.INFO: Dumping 22 records starting position 0 from 2716219_wpress827f5151.wp__wsd_plugin_alerts table [""] []
[2018-05-16 14:13:41] xcloner_api.INFO: Processing ajax request ID _xizd2otsy [] []
[2018-05-16 14:13:41] xcloner_database.INFO: Dumping the structure for 2716219_wpress827f5151.wp__wsd_plugin_live_traffic table [""] []
[2018-05-16 14:13:41] xcloner_database.INFO: Dumping 500 records starting position 0 from 2716219_wpress827f5151.wp__wsd_plugin_live_traffic table [""] []
[2018-05-16 14:13:42] xcloner_api.INFO: Processing ajax request ID _t72x48pec [] []
[2018-05-16 14:13:42] xcloner_database.INFO: Dumping the structure for 2716219_wpress827f5151.wp_blc_filters table [""] []
[2018-05-16 14:13:42] xcloner_database.INFO: Dumping 0 records starting position 0 from 2716219_wpress827f5151.wp_blc_filters table [""] []
[2018-05-16 14:13:43] xcloner_api.INFO: Processing ajax request ID _ddnmqy5s6 [] []
[2018-05-16 14:13:43] xcloner_database.INFO: Dumping the structure for 2716219_wpress827f5151.wp_blc_instances table [""] []
[2018-05-16 14:13:43] xcloner_database.INFO: Dumping 12 records starting position 0 from 2716219_wpress827f5151.wp_blc_instances table [""] []
[2018-05-16 14:13:43] xcloner_api.INFO: Processing ajax request ID _pquu895z4 [] []
[2018-05-16 14:13:44] xcloner_database.INFO: Dumping the structure for 2716219_wpress827f5151.wp_blc_links table [""] []
[2018-05-16 14:13:44] xcloner_database.INFO: Dumping 11 records starting position 0 from 2716219_wpress827f5151.wp_blc_links table [""] []
[2018-05-16 14:13:44] xcloner_api.INFO: Processing ajax request ID _ny6383alr [] []
[2018-05-16 14:13:44] xcloner_database.INFO: Dumping the structure for 2716219_wpress827f5151.wp_blc_synch table [""] []
[2018-05-16 14:13:44] xcloner_database.INFO: Dumping 32 records starting position 0 from 2716219_wpress827f5151.wp_blc_synch table [""] []
[2018-05-16 14:13:45] xcloner_api.INFO: Processing ajax request ID _i090nlpax [] []
[2018-05-16 14:13:45] xcloner_database.INFO: Dumping the structure for 2716219_wpress827f5151.wp_commentmeta table [""] []
[2018-05-16 14:13:45] xcloner_database.INFO: Dumping 0 records starting position 0 from 2716219_wpress827f5151.wp_commentmeta table [""] []
[2018-05-16 14:13:46] xcloner_api.INFO: Processing ajax request ID _173hcot83 [] []
[2018-05-16 14:13:46] xcloner_database.INFO: Dumping the structure for 2716219_wpress827f5151.wp_comments table [""] []
[2018-05-16 14:13:46] xcloner_database.INFO: Dumping 1 records starting position 0 from 2716219_wpress827f5151.wp_comments table [""] []
[2018-05-16 14:13:47] xcloner_api.INFO: Processing ajax request ID _b3sf7v2gf [] []
[2018-05-16 14:13:47] xcloner_database.INFO: Dumping the structure for 2716219_wpress827f5151.wp_evf_entries table [""] []
[2018-05-16 14:13:47] xcloner_database.INFO: Dumping 1 records starting position 0 from 2716219_wpress827f5151.wp_evf_entries table [""] []
[2018-05-16 14:13:47] xcloner_api.INFO: Processing ajax request ID _0da4xzzvo [] []
[2018-05-16 14:13:48] xcloner_database.INFO: Dumping the structure for 2716219_wpress827f5151.wp_evf_entrymeta table [""] []
[2018-05-16 14:13:48] xcloner_database.INFO: Dumping 4 records starting position 0 from 2716219_wpress827f5151.wp_evf_entrymeta table [""] []
[2018-05-16 14:13:48] xcloner_api.INFO: Processing ajax request ID _is82k6mdi [] []
[2018-05-16 14:13:49] xcloner_database.INFO: Dumping the structure for 2716219_wpress827f5151.wp_evf_sessions table [""] []
[2018-05-16 14:13:49] xcloner_database.INFO: Dumping 1 records starting position 0 from 2716219_wpress827f5151.wp_evf_sessions table [""] []
[2018-05-16 14:13:49] xcloner_api.INFO: Processing ajax request ID _0lz8zkk7n [] []
[2018-05-16 14:13:49] xcloner_database.INFO: Dumping the structure for 2716219_wpress827f5151.wp_links table [""] []
[2018-05-16 14:13:49] xcloner_database.INFO: Dumping 0 records starting position 0 from 2716219_wpress827f5151.wp_links table [""] []
[2018-05-16 14:13:50] xcloner_api.INFO: Processing ajax request ID _jeh7udsta [] []
[2018-05-16 14:13:50] xcloner_database.INFO: Dumping the structure for 2716219_wpress827f5151.wp_options table [""] []
[2018-05-16 14:13:50] xcloner_database.INFO: Dumping 310 records starting position 0 from 2716219_wpress827f5151.wp_options table [""] []
[2018-05-16 14:13:51] xcloner_api.INFO: Processing ajax request ID _vinwb0qjd [] []
[2018-05-16 14:13:51] xcloner_database.INFO: Dumping the structure for 2716219_wpress827f5151.wp_postmeta table [""] []
[2018-05-16 14:13:51] xcloner_database.INFO: Dumping 436 records starting position 0 from 2716219_wpress827f5151.wp_postmeta table [""] []
[2018-05-16 14:13:52] xcloner_api.INFO: Processing ajax request ID _m4zlj0ke1 [] []
[2018-05-16 14:13:52] xcloner_database.INFO: Dumping the structure for 2716219_wpress827f5151.wp_posts table [""] []
[2018-05-16 14:13:52] xcloner_database.INFO: Dumping 138 records starting position 0 from 2716219_wpress827f5151.wp_posts table [""] []
[2018-05-16 14:13:52] xcloner_api.INFO: Processing ajax request ID _7wcjjc6z0 [] []
[2018-05-16 14:13:53] xcloner_database.INFO: Dumping the structure for 2716219_wpress827f5151.wp_term_relationships table [""] []
[2018-05-16 14:13:53] xcloner_database.INFO: Dumping 49 records starting position 0 from 2716219_wpress827f5151.wp_term_relationships table [""] []
[2018-05-16 14:13:53] xcloner_api.INFO: Processing ajax request ID _tkilaquf8 [] []
[2018-05-16 14:13:54] xcloner_database.INFO: Dumping the structure for 2716219_wpress827f5151.wp_term_taxonomy table [""] []
[2018-05-16 14:13:54] xcloner_database.INFO: Dumping 29 records starting position 0 from 2716219_wpress827f5151.wp_term_taxonomy table [""] []
[2018-05-16 14:13:54] xcloner_api.INFO: Processing ajax request ID _0hvf23w2k [] []
[2018-05-16 14:13:54] xcloner_database.INFO: Dumping the structure for 2716219_wpress827f5151.wp_termmeta table [""] []
[2018-05-16 14:13:54] xcloner_database.INFO: Dumping 0 records starting position 0 from 2716219_wpress827f5151.wp_termmeta table [""] []
[2018-05-16 14:13:55] xcloner_api.INFO: Processing ajax request ID _r40bism57 [] []
[2018-05-16 14:13:55] xcloner_database.INFO: Dumping the structure for 2716219_wpress827f5151.wp_terms table [""] []
[2018-05-16 14:13:55] xcloner_database.INFO: Dumping 29 records starting position 0 from 2716219_wpress827f5151.wp_terms table [""] []
[2018-05-16 14:13:56] xcloner_api.INFO: Processing ajax request ID _99vw5ah7i [] []
[2018-05-16 14:13:56] xcloner_database.INFO: Dumping the structure for 2716219_wpress827f5151.wp_usermeta table [""] []
[2018-05-16 14:13:56] xcloner_database.INFO: Dumping 25 records starting position 0 from 2716219_wpress827f5151.wp_usermeta table [""] []
[2018-05-16 14:13:57] xcloner_api.INFO: Processing ajax request ID _1hjxkoj76 [] []
[2018-05-16 14:13:57] xcloner_database.INFO: Dumping the structure for 2716219_wpress827f5151.wp_users table [""] []
[2018-05-16 14:13:57] xcloner_database.INFO: Dumping 1 records starting position 0 from 2716219_wpress827f5151.wp_users table [""] []
[2018-05-16 14:13:57] xcloner_api.INFO: Processing ajax request ID _dk6uv9q30 [] []
[2018-05-16 14:13:58] xcloner_database.INFO: Dumping the structure for 2716219_wpress827f5151.wp_xcloner_scheduler table [""] []
[2018-05-16 14:13:58] xcloner_database.INFO: Dumping 0 records starting position 0 from 2716219_wpress827f5151.wp_xcloner_scheduler table [""] []
[2018-05-16 14:13:58] xcloner_api.INFO: Processing ajax request ID _30wk8h20l [] []
[2018-05-16 14:13:58] xcloner_database.INFO: Dumping the structure for 2716219_wpress827f5151.wp_yoast_seo_links table [""] []
[2018-05-16 14:13:58] xcloner_database.INFO: Dumping 5 records starting position 0 from 2716219_wpress827f5151.wp_yoast_seo_links table [""] []
[2018-05-16 14:13:59] xcloner_api.INFO: Processing ajax request ID _gn3voi16p [] []
[2018-05-16 14:13:59] xcloner_database.INFO: Dumping the structure for 2716219_wpress827f5151.wp_yoast_seo_meta table [""] []
[2018-05-16 14:13:59] xcloner_database.INFO: Dumping 53 records starting position 0 from 2716219_wpress827f5151.wp_yoast_seo_meta table [""] []
[2018-05-16 14:14:00] xcloner_api.INFO: Processing ajax request ID _bqn7dt12u [] []
[2018-05-16 14:14:00] xcloner_database.INFO: Starting new backup dump to file information_schema-backup.sql [""] []
[2018-05-16 14:14:00] xcloner_database.INFO: Writing information_schema database dump headers [""] []
[2018-05-16 14:14:00] xcloner_database.INFO: Dumping the structure for information_schema.CHARACTER_SETS table [""] []
[2018-05-16 14:14:00] xcloner_database.INFO: Dumping 41 records starting position 0 from information_schema.CHARACTER_SETS table [""] []
[2018-05-16 14:14:00] xcloner_api.INFO: Processing ajax request ID _e02q4lqrs [] []
[2018-05-16 14:14:01] xcloner_database.INFO: Dumping the structure for information_schema.CHARACTER_SETS table [""] []
[2018-05-16 14:14:01] xcloner_database.INFO: Dumping 41 records starting position 0 from information_schema.CHARACTER_SETS table [""] []
[2018-05-16 14:14:01] xcloner_api.INFO: Processing ajax request ID _lih7s6lp0 [] []
[2018-05-16 14:14:01] xcloner_database.INFO: Dumping the structure for information_schema.COLLATIONS table [""] []
[2018-05-16 14:14:02] xcloner_database.INFO: Dumping 222 records starting position 0 from information_schema.COLLATIONS table [""] []
[2018-05-16 14:14:02] xcloner_api.INFO: Processing ajax request ID _5n3b20rlr [] []
[2018-05-16 14:14:02] xcloner_database.INFO: Dumping the structure for information_schema.COLLATION_CHARACTER_SET_APPLICABILITY table [""] []
[2018-05-16 14:14:02] xcloner_database.INFO: Dumping 222 records starting position 0 from information_schema.COLLATION_CHARACTER_SET_APPLICABILITY table [""] []
[2018-05-16 14:14:03] xcloner_api.INFO: Processing ajax request ID _kvcxabwvh [] []
[2018-05-16 14:14:03] xcloner_database.INFO: Dumping the structure for information_schema.COLUMNS table [""] []
[2018-05-16 14:14:03] xcloner_database.INFO: Dumping 786 records starting position 0 from information_schema.COLUMNS table [""] []
[2018-05-16 14:14:04] xcloner_api.INFO: Processing ajax request ID _s5p7miz23 [] []
[2018-05-16 14:14:04] xcloner_database.INFO: Dumping the structure for information_schema.COLUMN_PRIVILEGES table [""] []
[2018-05-16 14:14:04] xcloner_database.INFO: Dumping 0 records starting position 0 from information_schema.COLUMN_PRIVILEGES table [""] []
[2018-05-16 14:14:05] xcloner_api.INFO: Processing ajax request ID _sez1i58s7 [] []
[2018-05-16 14:14:05] xcloner_database.INFO: Dumping the structure for information_schema.ENGINES table [""] []
[2018-05-16 14:14:05] xcloner_database.INFO: Dumping 9 records starting position 0 from information_schema.ENGINES table [""] []
[2018-05-16 14:14:06] xcloner_api.INFO: Processing ajax request ID _gny32q82r [] []
[2018-05-16 14:14:06] xcloner_database.INFO: Dumping the structure for information_schema.EVENTS table [""] []
[2018-05-16 14:14:06] xcloner_database.INFO: Dumping 0 records starting position 0 from information_schema.EVENTS table [""] []
[2018-05-16 14:14:07] xcloner_api.INFO: Processing ajax request ID _u9ssrvsbx [] []
[2018-05-16 14:14:07] xcloner_database.INFO: Dumping the structure for information_schema.FILES table [""] []
[2018-05-16 14:14:14] xcloner_database.INFO: Dumping 10000 records starting position 0 from information_schema.FILES table [""] []
[2018-05-16 14:14:14] xcloner_api.INFO: Processing ajax request ID _wpidb7fr8 [] []
[2018-05-16 14:14:22] xcloner_database.INFO: Dumping 10000 records starting position 10000 from information_schema.FILES table [""] []
[2018-05-16 14:14:22] xcloner_api.INFO: Processing ajax request ID _e7fq9y29f [] []
[2018-05-16 14:14:29] xcloner_database.INFO: Dumping 10000 records starting position 20000 from information_schema.FILES table [""] []
[2018-05-16 14:14:29] xcloner_api.INFO: Processing ajax request ID _xpvyac7b8 [] []
[2018-05-16 14:14:31] xcloner_database.INFO: Dumping 1184 records starting position 30000 from information_schema.FILES table [""] []
[2018-05-16 14:14:31] xcloner_api.INFO: Processing ajax request ID _i6y1l0o2t [] []
[2018-05-16 14:14:31] xcloner_database.INFO: Dumping the structure for information_schema.GLOBAL_STATUS table [""] []
[2018-05-16 14:14:31] xcloner_database.INFO: Dumping 0 records starting position 0 from information_schema.GLOBAL_STATUS table [""] []
[2018-05-16 14:14:32] xcloner_api.INFO: Processing ajax request ID _flxceit1u [] []
[2018-05-16 14:14:32] xcloner_database.INFO: Dumping the structure for information_schema.GLOBAL_VARIABLES table [""] []
[2018-05-16 14:14:32] xcloner_database.INFO: Dumping 0 records starting position 0 from information_schema.GLOBAL_VARIABLES table [""] []
[2018-05-16 14:14:33] xcloner_api.INFO: Processing ajax request ID _n71xdkd8n [] []
[2018-05-16 14:14:33] xcloner_database.INFO: Dumping the structure for information_schema.KEY_COLUMN_USAGE table [""] []
[2018-05-16 14:14:33] xcloner_database.INFO: Dumping 31 records starting position 0 from information_schema.KEY_COLUMN_USAGE table [""] []
[2018-05-16 14:14:33] xcloner_api.INFO: Processing ajax request ID _yqnvdpvdj [] []
[2018-05-16 14:14:34] xcloner_database.INFO: Dumping the structure for information_schema.OPTIMIZER_TRACE table [""] []
[2018-05-16 14:14:34] xcloner_database.INFO: Dumping 0 records starting position 0 from information_schema.OPTIMIZER_TRACE table [""] []
[2018-05-16 14:14:34] xcloner_api.INFO: Processing ajax request ID _ha9ojmsma [] []
[2018-05-16 14:14:34] xcloner_database.INFO: Dumping the structure for information_schema.PARAMETERS table [""] []
[2018-05-16 14:14:34] xcloner_database.INFO: Dumping 0 records starting position 0 from information_schema.PARAMETERS table [""] []
[2018-05-16 14:14:35] xcloner_api.INFO: Processing ajax request ID _ek7ro1kw8 [] []
[2018-05-16 14:14:35] xcloner_database.INFO: Dumping the structure for information_schema.PARTITIONS table [""] []
[2018-05-16 14:14:35] xcloner_database.INFO: Dumping 85 records starting position 0 from information_schema.PARTITIONS table [""] []
[2018-05-16 14:14:36] xcloner_api.INFO: Processing ajax request ID _7vjpbqjr4 [] []
[2018-05-16 14:14:36] xcloner_database.INFO: Dumping the structure for information_schema.PLUGINS table [""] []
[2018-05-16 14:14:36] xcloner_database.INFO: Dumping 44 records starting position 0 from information_schema.PLUGINS table [""] []
[2018-05-16 14:14:37] xcloner_api.INFO: Processing ajax request ID _phptymrtm [] []
[2018-05-16 14:14:37] xcloner_database.INFO: Dumping the structure for information_schema.PROCESSLIST table [""] []
[2018-05-16 14:14:37] xcloner_database.INFO: Dumping 2 records starting position 0 from information_schema.PROCESSLIST table [""] []
[2018-05-16 14:14:37] xcloner_api.INFO: Processing ajax request ID _skjlhmsye [] []
[2018-05-16 14:14:38] xcloner_database.INFO: Dumping the structure for information_schema.PROFILING table [""] []
[2018-05-16 14:14:38] xcloner_database.INFO: Dumping 0 records starting position 0 from information_schema.PROFILING table [""] []
[2018-05-16 14:14:38] xcloner_api.INFO: Processing ajax request ID _16cp3dauv [] []
[2018-05-16 14:14:38] xcloner_database.INFO: Dumping the structure for information_schema.REFERENTIAL_CONSTRAINTS table [""] []
[2018-05-16 14:14:38] xcloner_database.INFO: Dumping 0 records starting position 0 from information_schema.REFERENTIAL_CONSTRAINTS table [""] []
[2018-05-16 14:14:39] xcloner_api.INFO: Processing ajax request ID _cpmeal75c [] []
[2018-05-16 14:14:39] xcloner_database.INFO: Dumping the structure for information_schema.ROUTINES table [""] []
[2018-05-16 14:14:39] xcloner_database.INFO: Dumping 0 records starting position 0 from information_schema.ROUTINES table [""] []
[2018-05-16 14:14:40] xcloner_api.INFO: Processing ajax request ID _sy7c4anb3 [] []
[2018-05-16 14:14:40] xcloner_database.INFO: Dumping the structure for information_schema.SCHEMATA table [""] []
[2018-05-16 14:14:40] xcloner_database.INFO: Dumping 2 records starting position 0 from information_schema.SCHEMATA table [""] []
[2018-05-16 14:14:40] xcloner_api.INFO: Processing ajax request ID _3vr578mr1 [] []
[2018-05-16 14:14:41] xcloner_database.INFO: Dumping the structure for information_schema.SCHEMA_PRIVILEGES table [""] []
[2018-05-16 14:14:41] xcloner_database.INFO: Dumping 18 records starting position 0 from information_schema.SCHEMA_PRIVILEGES table [""] []
[2018-05-16 14:14:41] xcloner_api.INFO: Processing ajax request ID _n5n9y13pz [] []
[2018-05-16 14:14:41] xcloner_database.INFO: Dumping the structure for information_schema.SESSION_STATUS table [""] []
[2018-05-16 14:14:41] xcloner_database.INFO: Dumping 0 records starting position 0 from information_schema.SESSION_STATUS table [""] []
[2018-05-16 14:14:42] xcloner_api.INFO: Processing ajax request ID _aa3nu3gf7 [] []
[2018-05-16 14:14:42] xcloner_database.INFO: Dumping the structure for information_schema.SESSION_VARIABLES table [""] []
[2018-05-16 14:14:42] xcloner_database.INFO: Dumping 0 records starting position 0 from information_schema.SESSION_VARIABLES table [""] []
[2018-05-16 14:14:43] xcloner_api.INFO: Processing ajax request ID _2na6352yv [] []
[2018-05-16 14:14:43] xcloner_database.INFO: Dumping the structure for information_schema.STATISTICS table [""] []
[2018-05-16 14:14:43] xcloner_database.INFO: Dumping 74 records starting position 0 from information_schema.STATISTICS table [""] []
[2018-05-16 14:14:44] xcloner_api.INFO: Processing ajax request ID _hy7pm9i45 [] []
[2018-05-16 14:14:44] xcloner_database.INFO: Dumping the structure for information_schema.TABLES table [""] []
[2018-05-16 14:14:44] xcloner_database.INFO: Dumping 85 records starting position 0 from information_schema.TABLES table [""] []
[2018-05-16 14:14:44] xcloner_api.INFO: Processing ajax request ID _n184nyr10 [] []
[2018-05-16 14:14:45] xcloner_database.INFO: Dumping the structure for information_schema.TABLESPACES table [""] []
[2018-05-16 14:14:45] xcloner_database.INFO: Dumping 0 records starting position 0 from information_schema.TABLESPACES table [""] []
[2018-05-16 14:14:45] xcloner_api.INFO: Processing ajax request ID _hzqn3jhzs [] []
[2018-05-16 14:14:45] xcloner_database.INFO: Dumping the structure for information_schema.TABLE_CONSTRAINTS table [""] []
[2018-05-16 14:14:45] xcloner_database.INFO: Dumping 28 records starting position 0 from information_schema.TABLE_CONSTRAINTS table [""] []
[2018-05-16 14:14:46] xcloner_api.INFO: Processing ajax request ID _rsmk2aomr [] []
[2018-05-16 14:14:46] xcloner_database.INFO: Dumping the structure for information_schema.TABLE_PRIVILEGES table [""] []
[2018-05-16 14:14:46] xcloner_database.INFO: Dumping 0 records starting position 0 from information_schema.TABLE_PRIVILEGES table [""] []
[2018-05-16 14:14:47] xcloner_api.INFO: Processing ajax request ID _9pbu7rem2 [] []
[2018-05-16 14:14:47] xcloner_database.INFO: Dumping the structure for information_schema.TRIGGERS table [""] []
[2018-05-16 14:14:47] xcloner_database.INFO: Dumping 0 records starting position 0 from information_schema.TRIGGERS table [""] []
[2018-05-16 14:14:47] xcloner_api.INFO: Processing ajax request ID _9f84subsz [] []
[2018-05-16 14:14:48] xcloner_database.INFO: Dumping the structure for information_schema.USER_PRIVILEGES table [""] []
[2018-05-16 14:14:48] xcloner_database.INFO: Dumping 1 records starting position 0 from information_schema.USER_PRIVILEGES table [""] []
[2018-05-16 14:14:48] xcloner_api.INFO: Processing ajax request ID _bgwme8cxk [] []
[2018-05-16 14:14:48] xcloner_database.INFO: Dumping the structure for information_schema.VIEWS table [""] []
[2018-05-16 14:14:48] xcloner_database.INFO: Dumping 0 records starting position 0 from information_schema.VIEWS table [""] []
[2018-05-16 14:14:49] xcloner_api.INFO: Processing ajax request ID _mnkwtg3qx [] []
[2018-05-16 14:14:49] xcloner_database.INFO: Dumping the structure for information_schema.INNODB_LOCKS table [""] []
[2018-05-16 14:14:49] xcloner_database.INFO: Dumping 0 records starting position 0 from information_schema.INNODB_LOCKS table [""] []
[2018-05-16 14:14:50] xcloner_api.INFO: Processing ajax request ID _cr7gfbuk4 [] []
[2018-05-16 14:14:50] xcloner_database.INFO: Dumping the structure for information_schema.INNODB_TRX table [""] []
[2018-05-16 14:14:50] xcloner_database.INFO: Dumping 0 records starting position 0 from information_schema.INNODB_TRX table [""] []
[2018-05-16 14:14:51] xcloner_api.INFO: Processing ajax request ID _t9mcx7ker [] []
[2018-05-16 14:14:51] xcloner_database.INFO: Dumping the structure for information_schema.INNODB_SYS_DATAFILES table [""] []
[2018-05-16 14:14:51] xcloner_database.INFO: Dumping 0 records starting position 0 from information_schema.INNODB_SYS_DATAFILES table [""] []
[2018-05-16 14:14:51] xcloner_api.INFO: Processing ajax request ID _ve1dviwy9 [] []
[2018-05-16 14:14:52] xcloner_database.INFO: Dumping the structure for information_schema.INNODB_FT_CONFIG table [""] []
[2018-05-16 14:14:52] xcloner_database.INFO: Dumping 0 records starting position 0 from information_schema.INNODB_FT_CONFIG table [""] []
[2018-05-16 14:14:52] xcloner_api.INFO: Processing ajax request ID _xfyog16ns [] []
[2018-05-16 14:14:52] xcloner_database.INFO: Dumping the structure for information_schema.INNODB_SYS_VIRTUAL table [""] []
[2018-05-16 14:14:52] xcloner_database.INFO: Dumping 0 records starting position 0 from information_schema.INNODB_SYS_VIRTUAL table [""] []
[2018-05-16 14:14:53] xcloner_api.INFO: Processing ajax request ID _zi12cckzc [] []
[2018-05-16 14:14:53] xcloner_database.INFO: Dumping the structure for information_schema.INNODB_CMP table [""] []
[2018-05-16 14:14:53] xcloner_database.INFO: Dumping 0 records starting position 0 from information_schema.INNODB_CMP table [""] []
[2018-05-16 14:14:54] xcloner_api.INFO: Processing ajax request ID _xxmp486m3 [] []
[2018-05-16 14:14:54] xcloner_database.INFO: Dumping the structure for information_schema.INNODB_FT_BEING_DELETED table [""] []
[2018-05-16 14:14:54] xcloner_database.INFO: Dumping 0 records starting position 0 from information_schema.INNODB_FT_BEING_DELETED table [""] []
[2018-05-16 14:14:54] xcloner_api.INFO: Processing ajax request ID _tadwfjkie [] []
[2018-05-16 14:14:55] xcloner_database.INFO: Dumping the structure for information_schema.INNODB_CMP_RESET table [""] []
[2018-05-16 14:14:55] xcloner_database.INFO: Dumping 0 records starting position 0 from information_schema.INNODB_CMP_RESET table [""] []
[2018-05-16 14:14:55] xcloner_api.INFO: Processing ajax request ID _f5o1ihwtx [] []
[2018-05-16 14:14:55] xcloner_database.INFO: Dumping the structure for information_schema.INNODB_CMP_PER_INDEX table [""] []
[2018-05-16 14:14:55] xcloner_database.INFO: Dumping 0 records starting position 0 from information_schema.INNODB_CMP_PER_INDEX table [""] []
[2018-05-16 14:14:56] xcloner_api.INFO: Processing ajax request ID _amtj57ms9 [] []
[2018-05-16 14:14:56] xcloner_database.INFO: Dumping the structure for information_schema.INNODB_CMPMEM_RESET table [""] []
[2018-05-16 14:14:56] xcloner_database.INFO: Dumping 0 records starting position 0 from information_schema.INNODB_CMPMEM_RESET table [""] []
[2018-05-16 14:14:57] xcloner_api.INFO: Processing ajax request ID _91nhfvgnt [] []
[2018-05-16 14:14:57] xcloner_database.INFO: Dumping the structure for information_schema.INNODB_FT_DELETED table [""] []
[2018-05-16 14:14:57] xcloner_database.INFO: Dumping 0 records starting position 0 from information_schema.INNODB_FT_DELETED table [""] []
[2018-05-16 14:14:57] xcloner_api.INFO: Processing ajax request ID _bkok3tlnt [] []
[2018-05-16 14:14:58] xcloner_database.INFO: Dumping the structure for information_schema.INNODB_BUFFER_PAGE_LRU table [""] []
[2018-05-16 14:14:58] xcloner_database.INFO: Dumping 0 records starting position 0 from information_schema.INNODB_BUFFER_PAGE_LRU table [""] []
[2018-05-16 14:14:58] xcloner_api.INFO: Processing ajax request ID _mejppsjf5 [] []
[2018-05-16 14:14:58] xcloner_database.INFO: Dumping the structure for information_schema.INNODB_LOCK_WAITS table [""] []
[2018-05-16 14:14:58] xcloner_database.INFO: Dumping 0 records starting position 0 from information_schema.INNODB_LOCK_WAITS table [""] []
[2018-05-16 14:14:59] xcloner_api.INFO: Processing ajax request ID _p86jl73vu [] []
[2018-05-16 14:14:59] xcloner_database.INFO: Dumping the structure for information_schema.INNODB_TEMP_TABLE_INFO table [""] []
[2018-05-16 14:14:59] xcloner_database.INFO: Dumping 0 records starting position 0 from information_schema.INNODB_TEMP_TABLE_INFO table [""] []
[2018-05-16 14:15:00] xcloner_api.INFO: Processing ajax request ID _2wj9eh6o5 [] []
[2018-05-16 14:15:00] xcloner_database.INFO: Dumping the structure for information_schema.INNODB_SYS_INDEXES table [""] []
[2018-05-16 14:15:00] xcloner_database.INFO: Dumping 0 records starting position 0 from information_schema.INNODB_SYS_INDEXES table [""] []
[2018-05-16 14:15:01] xcloner_api.INFO: Processing ajax request ID _61ne4pi0q [] []
[2018-05-16 14:15:01] xcloner_database.INFO: Dumping the structure for information_schema.INNODB_SYS_TABLES table [""] []
[2018-05-16 14:15:01] xcloner_database.INFO: Dumping 0 records starting position 0 from information_schema.INNODB_SYS_TABLES table [""] []
[2018-05-16 14:15:01] xcloner_api.INFO: Processing ajax request ID _qvbe8yz6l [] []
[2018-05-16 14:15:02] xcloner_database.INFO: Dumping the structure for information_schema.INNODB_SYS_FIELDS table [""] []
[2018-05-16 14:15:02] xcloner_database.INFO: Dumping 0 records starting position 0 from information_schema.INNODB_SYS_FIELDS table [""] []
[2018-05-16 14:15:02] xcloner_api.INFO: Processing ajax request ID _3i9j22sl6 [] []
[2018-05-16 14:15:03] xcloner_database.INFO: Dumping the structure for information_schema.INNODB_CMP_PER_INDEX_RESET table [""] []
[2018-05-16 14:15:03] xcloner_database.INFO: Dumping 0 records starting position 0 from information_schema.INNODB_CMP_PER_INDEX_RESET table [""] []
[2018-05-16 14:15:03] xcloner_api.INFO: Processing ajax request ID _t2n585m5q [] []
[2018-05-16 14:15:03] xcloner_database.INFO: Dumping the structure for information_schema.INNODB_BUFFER_PAGE table [""] []
[2018-05-16 14:15:03] xcloner_database.INFO: Dumping 0 records starting position 0 from information_schema.INNODB_BUFFER_PAGE table [""] []
[2018-05-16 14:15:04] xcloner_api.INFO: Processing ajax request ID _h0zcbhw5u [] []
[2018-05-16 14:15:04] xcloner_database.INFO: Dumping the structure for information_schema.INNODB_FT_DEFAULT_STOPWORD table [""] []
[2018-05-16 14:15:04] xcloner_database.INFO: Dumping 36 records starting position 0 from information_schema.INNODB_FT_DEFAULT_STOPWORD table [""] []
[2018-05-16 14:15:05] xcloner_api.INFO: Processing ajax request ID _l7nry70e5 [] []
[2018-05-16 14:15:05] xcloner_database.INFO: Dumping the structure for information_schema.INNODB_FT_INDEX_TABLE table [""] []
[2018-05-16 14:15:05] xcloner_database.INFO: Dumping 0 records starting position 0 from information_schema.INNODB_FT_INDEX_TABLE table [""] []
[2018-05-16 14:15:06] xcloner_api.INFO: Processing ajax request ID _j229y21tv [] []
[2018-05-16 14:15:06] xcloner_database.INFO: Dumping the structure for information_schema.INNODB_FT_INDEX_CACHE table [""] []
[2018-05-16 14:15:06] xcloner_database.INFO: Dumping 0 records starting position 0 from information_schema.INNODB_FT_INDEX_CACHE table [""] []
[2018-05-16 14:15:06] xcloner_api.INFO: Processing ajax request ID _mz8h1b826 [] []
[2018-05-16 14:15:07] xcloner_database.INFO: Dumping the structure for information_schema.INNODB_SYS_TABLESPACES table [""] []
[2018-05-16 14:15:07] xcloner_database.INFO: Dumping 0 records starting position 0 from information_schema.INNODB_SYS_TABLESPACES table [""] []
[2018-05-16 14:18:09] php_system.INFO: E_NOTICE: array (   'type' => 8,   'message' => 'Undefined index: HTTPS',   'file' => '/srv/disk2/2716219/www/cmsrunners.atwebpages.com/wp-content/plugins/secure-wordpress/res/inc/SwpaLiveTraffic.php',   'line' => 128, ) [] []
[2018-05-16 14:30:27] php_system.INFO: E_NOTICE: array (   'type' => 8,   'message' => 'Undefined index: HTTPS',   'file' => '/srv/disk2/2716219/www/cmsrunners.atwebpages.com/wp-content/plugins/secure-wordpress/res/inc/SwpaLiveTraffic.php',   'line' => 128, ) [] []
[2018-05-16 14:41:27] php_system.INFO: E_NOTICE: array (   'type' => 8,   'message' => 'Undefined index: HTTPS',   'file' => '/srv/disk2/2716219/www/cmsrunners.atwebpages.com/wp-content/plugins/secure-wordpress/res/inc/SwpaLiveTraffic.php',   'line' => 128, ) [] []
[2018-05-16 14:52:14] php_system.INFO: E_NOTICE: array (   'type' => 8,   'message' => 'Undefined index: HTTPS',   'file' => '/srv/disk2/2716219/www/cmsrunners.atwebpages.com/wp-content/plugins/secure-wordpress/res/inc/SwpaLiveTraffic.php',   'line' => 128, ) [] []
[2018-05-16 15:03:10] php_system.INFO: E_NOTICE: array (   'type' => 8,   'message' => 'Undefined index: HTTPS',   'file' => '/srv/disk2/2716219/www/cmsrunners.atwebpages.com/wp-content/plugins/secure-wordpress/res/inc/SwpaLiveTraffic.php',   'line' => 128, ) [] []
[2018-05-16 15:09:17] php_system.INFO: E_NOTICE: array (   'type' => 8,   'message' => 'Undefined index: HTTPS',   'file' => '/srv/disk2/2716219/www/cmsrunners.atwebpages.com/wp-content/plugins/secure-wordpress/res/inc/SwpaLiveTraffic.php',   'line' => 128, ) [] []
[2018-05-16 15:14:29] php_system.INFO: E_NOTICE: array (   'type' => 8,   'message' => 'Undefined index: HTTPS',   'file' => '/srv/disk2/2716219/www/cmsrunners.atwebpages.com/wp-content/plugins/secure-wordpress/res/inc/SwpaLiveTraffic.php',   'line' => 128, ) [] []
[2018-05-16 18:30:48] php_system.INFO: E_NOTICE: array (   'type' => 8,   'message' => 'Undefined index: HTTPS',   'file' => '/srv/disk2/2716219/www/cmsrunners.atwebpages.com/wp-content/plugins/secure-wordpress/res/inc/SwpaLiveTraffic.php',   'line' => 128, ) [] []
[2018-05-16 18:44:44] php_system.INFO: E_NOTICE: array (   'type' => 8,   'message' => 'Undefined index: HTTPS',   'file' => '/srv/disk2/2716219/www/cmsrunners.atwebpages.com/wp-content/plugins/secure-wordpress/res/inc/SwpaLiveTraffic.php',   'line' => 128, ) [] []
[2018-05-16 18:58:46] php_system.INFO: E_NOTICE: array (   'type' => 8,   'message' => 'Undefined index: HTTPS',   'file' => '/srv/disk2/2716219/www/cmsrunners.atwebpages.com/wp-content/plugins/secure-wordpress/res/inc/SwpaLiveTraffic.php',   'line' => 128, ) [] []
[2018-05-16 19:12:48] php_system.INFO: E_NOTICE: array (   'type' => 8,   'message' => 'Undefined index: HTTPS',   'file' => '/srv/disk2/2716219/www/cmsrunners.atwebpages.com/wp-content/plugins/secure-wordpress/res/inc/SwpaLiveTraffic.php',   'line' => 128, ) [] []
